###############################################################
#  Generated by:      Cadence First Encounter 08.10-p004_1
#  OS:                Linux x86_64(Host ID localhost.localdomain)
#  Generated on:      Sat Aug 17 16:12:37 2024
#  Command:           verifyConnectivity -type all -noAntenna -error 1000 -w...
###############################################################
Verify Connectivity Report

Net rx_div/HTIE_LTIEHI_NET: no routing
Net tx_div/HTIE_LTIEHI_NET: no routing
Net uart_clk_rst_sync/HTIE_LTIEHI_NET: no routing
Net ref_clk_rst_sync/HTIE_LTIEHI_NET: no routing
Net rx_div/LTIE_LTIELO_NET: no routing
Net dut0/LTIE_LTIELO_NET: no routing
Net FE_OFN13_SE: no routing
Net dut0/FE_OFN12_address_3_: no routing
Net dut3/FE_OFN11_SO_3_: no routing
Net dut5/dut2/FE_OFN10_SO_1_: no routing
Net dut5/dut2/FE_OFN9_SO_2_: no routing
Net uart_clk_rst_sync/FE_OFN8_SO_0_: no routing
Net FE_OFN6_scan_rst_sync2_mux_out: no routing
Net FE_OFN5_scan_rst_sync2_mux_out: no routing
Net dut5/FE_OFN4_scan_rst_sync1_mux_out: no routing
Net FE_OFN3_scan_rst_sync1_mux_out: no routing
Net dut5/FE_OFN2_scan_rst_sync1_mux_out: no routing
Net FE_OFN1_scan_rst_sync1_mux_out: no routing
Net FE_OFN0_scan_rst_sync1_mux_out: no routing
Net SI[4]: no routing
Net SI[3]: no routing
Net SI[2]: no routing
Net SI[1]: no routing
Net SI[0]: no routing
Net SO[4]: no routing
Net SO[3]: no routing
Net SO[2]: no routing
Net SO[1]: no routing
Net SO[0]: no routing
Net Ref_clk: no routing
Net Uart_clk: no routing
Net rst_n: no routing
Net rx_in: no routing
Net SE: no routing
Net TESTMODE: no routing
Net SCAN_CLK: no routing
Net SCAN_RST: no routing
Net tx_out: no routing
Net stop_error: no routing
Net parity_error: no routing
Net start_glitch: no routing
Net scan_clk_uart_clk_mux_out: no routing
Net scan_clk_ref_clk_mux_out: no routing
Net tx_clk: no routing
Net scan_clk_uart_tx_clk_mux_out: no routing
Net rx_clk: no routing
Net scan_clk_uart_rx_clk_mux_out: no routing
Net scan_rst_mux_out: no routing
Net ref_sync_rst: no routing
Net scan_rst_sync1_mux_out: no routing
Net uart_sync_rst: no routing
Net scan_rst_sync2_mux_out: no routing
Net out_valid: no routing
Net rx_d_valid: no routing
Net full_flag: no routing
Net rd_data_valid: no routing
Net alu_en: no routing
Net clk_en: no routing
Net w_en: no routing
Net r_en: no routing
Net w_inc: no routing
Net data_valid: no routing
Net gated_clk: no routing
Net rd_inc: no routing
Net empty_flag: no routing
Net busy: no routing
Net _1_net_: no routing
Net n5: no routing
Net n6: no routing
Net n7: no routing
Net n8: no routing
Net n9: no routing
Net n10: no routing
Net n11: no routing
Net n12: no routing
Net n13: no routing
Net n18: no routing
Net n19: no routing
Net n20: no routing
Net n21: no routing
Net n24: no routing
Net n25: no routing
Net n26: no routing
Net n27: no routing
Net n28: no routing
Net n29: no routing
Net n34: no routing
Net n38: no routing
Net n41: no routing
Net n42: no routing
Net n43: no routing
Net n44: no routing
Net n45: no routing
Net n46: no routing
Net n47: no routing
Net n48: no routing
Net n49: no routing
Net n50: no routing
Net n51: no routing
Net n52: no routing
Net n53: no routing
Net reg2[7]: no routing
Net reg2[6]: no routing
Net reg2[5]: no routing
Net reg2[4]: no routing
Net reg2[3]: no routing
Net reg2[2]: no routing
Net reg2[1]: no routing
Net reg2[0]: no routing
Net out[3]: no routing
Net out[2]: no routing
Net out[1]: no routing
Net out[0]: no routing
Net alu_out[15]: no routing
Net alu_out[14]: no routing
Net alu_out[13]: no routing
Net alu_out[12]: no routing
Net alu_out[11]: no routing
Net alu_out[10]: no routing
Net alu_out[9]: no routing
Net alu_out[8]: no routing
Net alu_out[7]: no routing
Net alu_out[6]: no routing
Net alu_out[5]: no routing
Net alu_out[4]: no routing
Net alu_out[3]: no routing
Net alu_out[2]: no routing
Net alu_out[1]: no routing
Net alu_out[0]: no routing
Net rx_P_data[7]: no routing
Net rx_P_data[6]: no routing
Net rx_P_data[5]: no routing
Net rx_P_data[4]: no routing
Net rx_P_data[3]: no routing
Net rx_P_data[2]: no routing
Net rx_P_data[1]: no routing
Net rx_P_data[0]: no routing
Net rd_data[7]: no routing
Net rd_data[6]: no routing
Net rd_data[5]: no routing
Net rd_data[4]: no routing
Net rd_data[3]: no routing
Net rd_data[2]: no routing
Net rd_data[1]: no routing
Net rd_data[0]: no routing
Net alu_fun[3]: no routing
Net alu_fun[2]: no routing
Net alu_fun[1]: no routing
Net alu_fun[0]: no routing
Net address[3]: no routing
Net address[2]: no routing
Net address[1]: no routing
Net address[0]: no routing
Net w_data[7]: no routing
Net w_data[6]: no routing
Net w_data[5]: no routing
Net w_data[4]: no routing
Net w_data[3]: no routing
Net w_data[2]: no routing
Net w_data[1]: no routing
Net w_data[0]: no routing
Net tx_P_data[7]: no routing
Net tx_P_data[6]: no routing
Net tx_P_data[5]: no routing
Net tx_P_data[4]: no routing
Net tx_P_data[3]: no routing
Net tx_P_data[2]: no routing
Net tx_P_data[1]: no routing
Net tx_P_data[0]: no routing
Net p_data[7]: no routing
Net p_data[6]: no routing
Net p_data[5]: no routing
Net p_data[4]: no routing
Net p_data[3]: no routing
Net p_data[2]: no routing
Net p_data[1]: no routing
Net p_data[0]: no routing
Net reg0[7]: no routing
Net reg0[6]: no routing
Net reg0[5]: no routing
Net reg0[4]: no routing
Net reg0[3]: no routing
Net reg0[2]: no routing
Net reg0[1]: no routing
Net reg0[0]: no routing
Net reg1[7]: no routing
Net reg1[6]: no routing
Net reg1[5]: no routing
Net reg1[4]: no routing
Net reg1[3]: no routing
Net reg1[2]: no routing
Net reg1[1]: no routing
Net reg1[0]: no routing
Net reg3[7]: no routing
Net reg3[6]: no routing
Net reg3[5]: no routing
Net reg3[4]: no routing
Net reg3[3]: no routing
Net reg3[2]: no routing
Net reg3[1]: no routing
Net reg3[0]: no routing
Net fifo_rd_data[7]: no routing
Net fifo_rd_data[6]: no routing
Net fifo_rd_data[5]: no routing
Net fifo_rd_data[4]: no routing
Net fifo_rd_data[3]: no routing
Net fifo_rd_data[2]: no routing
Net fifo_rd_data[1]: no routing
Net fifo_rd_data[0]: no routing
Net dut0/n17: no routing
Net dut0/n18: no routing
Net dut0/n19: no routing
Net dut0/n26: no routing
Net dut0/n27: no routing
Net dut0/n28: no routing
Net dut0/n29: no routing
Net dut0/n30: no routing
Net dut0/n31: no routing
Net dut0/n32: no routing
Net dut0/n33: no routing
Net dut0/n34: no routing
Net dut0/n35: no routing
Net dut0/n36: no routing
Net dut0/n37: no routing
Net dut0/n38: no routing
Net dut0/n39: no routing
Net dut0/n40: no routing
Net dut0/n41: no routing
Net dut0/n42: no routing
Net dut0/n43: no routing
Net dut0/n44: no routing
Net dut0/n45: no routing
Net dut0/n46: no routing
Net dut0/n47: no routing
Net dut0/n48: no routing
Net dut0/n49: no routing
Net dut0/n50: no routing
Net dut0/n51: no routing
Net dut0/n52: no routing
Net dut0/n53: no routing
Net dut0/n54: no routing
Net dut0/n55: no routing
Net dut0/n56: no routing
Net dut0/n57: no routing
Net dut0/n58: no routing
Net dut0/n59: no routing
Net dut0/n60: no routing
Net dut0/n61: no routing
Net dut0/n62: no routing
Net dut0/n63: no routing
Net dut0/n64: no routing
Net dut0/n65: no routing
Net dut0/n66: no routing
Net dut0/n67: no routing
Net dut0/n68: no routing
Net dut0/n69: no routing
Net dut0/n70: no routing
Net dut0/n71: no routing
Net dut0/n72: no routing
Net dut0/n73: no routing
Net dut0/n74: no routing
Net dut0/n75: no routing
Net dut0/n76: no routing
Net dut0/n77: no routing
Net dut0/n78: no routing
Net dut0/n79: no routing
Net dut0/n80: no routing
Net dut0/n81: no routing
Net dut0/n82: no routing
Net dut0/n83: no routing
Net dut0/n84: no routing
Net dut0/n85: no routing
Net dut0/n86: no routing
Net dut0/n87: no routing
Net dut0/n88: no routing
Net dut0/n89: no routing
Net dut0/n90: no routing
Net dut0/n91: no routing
Net dut0/n92: no routing
Net dut0/n93: no routing
Net dut0/n94: no routing
Net dut0/n15: no routing
Net dut0/n16: no routing
Net dut0/n20: no routing
Net dut0/n21: no routing
Net dut0/n22: no routing
Net dut0/n23: no routing
Net dut0/n24: no routing
Net dut0/n25: no routing
Net dut0/n96: no routing
Net dut0/n97: no routing
Net dut0/n98: no routing
Net dut0/n100: no routing
Net dut0/current_state[3]: no routing
Net dut0/current_state[2]: no routing
Net dut0/current_state[1]: no routing
Net dut0/current_state[0]: no routing
Net dut1/sync_bus_enable: no routing
Net dut1/mux_enable: no routing
Net dut1/n1: no routing
Net dut1/n2: no routing
Net dut1/dut3/n3: no routing
Net dut1/dut3/n5: no routing
Net dut1/dut3/n7: no routing
Net dut1/dut3/n9: no routing
Net dut1/dut3/n11: no routing
Net dut1/dut3/n13: no routing
Net dut1/dut3/n15: no routing
Net dut1/dut3/n17: no routing
Net dut1/dut3/n1: no routing
Net dut2/data_sampler_enable: no routing
Net dut2/sampling_tick: no routing
Net dut2/sampled_bit: no routing
Net dut2/counter_enable: no routing
Net dut2/deserializer_enable: no routing
Net dut2/edge_done_tick: no routing
Net dut2/data_done_tick: no routing
Net dut2/parity_check_enable: no routing
Net dut2/start_check_enable: no routing
Net dut2/stop_check_enable: no routing
Net dut2/n3: no routing
Net dut2/n4: no routing
Net dut2/n5: no routing
Net dut2/n6: no routing
Net dut2/dut0/n1: no routing
Net dut2/dut0/n3: no routing
Net dut2/dut0/n7: no routing
Net dut2/dut0/n9: no routing
Net dut2/dut0/n11: no routing
Net dut2/dut0/n13: no routing
Net dut2/dut0/n15: no routing
Net dut2/dut0/n2: no routing
Net dut2/dut0/n5: no routing
Net dut2/dut0/n6: no routing
Net dut2/dut0/sampled_data[2]: no routing
Net dut2/dut0/sampled_data[1]: no routing
Net dut2/dut0/sampled_data[0]: no routing
Net dut2/dut1/N4: no routing
Net dut2/dut1/N5: no routing
Net dut2/dut1/N6: no routing
Net dut2/dut1/N7: no routing
Net dut2/dut1/N8: no routing
Net dut2/dut1/N9: no routing
Net dut2/dut1/N12: no routing
Net dut2/dut1/N13: no routing
Net dut2/dut1/N14: no routing
Net dut2/dut1/N15: no routing
Net dut2/dut1/N16: no routing
Net dut2/dut1/N17: no routing
Net dut2/dut1/N19: no routing
Net dut2/dut1/N20: no routing
Net dut2/dut1/N21: no routing
Net dut2/dut1/N22: no routing
Net dut2/dut1/N23: no routing
Net dut2/dut1/N29: no routing
Net dut2/dut1/N30: no routing
Net dut2/dut1/N31: no routing
Net dut2/dut1/N32: no routing
Net dut2/dut1/N33: no routing
Net dut2/dut1/N34: no routing
Net dut2/dut1/N35: no routing
Net dut2/dut1/N36: no routing
Net dut2/dut1/N37: no routing
Net dut2/dut1/N38: no routing
Net dut2/dut1/N39: no routing
Net dut2/dut1/N40: no routing
Net dut2/dut1/n34: no routing
Net dut2/dut1/n35: no routing
Net dut2/dut1/n36: no routing
Net dut2/dut1/add_24/carry[5]: no routing
Net dut2/dut1/add_24/carry[4]: no routing
Net dut2/dut1/add_24/carry[3]: no routing
Net dut2/dut1/add_24/carry[2]: no routing
Net dut2/dut1/add_17/carry[4]: no routing
Net dut2/dut1/add_17/carry[3]: no routing
Net dut2/dut1/add_17/carry[2]: no routing
Net dut2/dut1/n1: no routing
Net dut2/dut1/n2: no routing
Net dut2/dut1/n3: no routing
Net dut2/dut1/n4: no routing
Net dut2/dut1/n5: no routing
Net dut2/dut1/n6: no routing
Net dut2/dut1/n7: no routing
Net dut2/dut1/n8: no routing
Net dut2/dut1/n9: no routing
Net dut2/dut1/n10: no routing
Net dut2/dut1/n11: no routing
Net dut2/dut1/n12: no routing
Net dut2/dut1/n13: no routing
Net dut2/dut1/n14: no routing
Net dut2/dut1/n24: no routing
Net dut2/dut1/n25: no routing
Net dut2/dut1/n26: no routing
Net dut2/dut1/n27: no routing
Net dut2/dut1/n28: no routing
Net dut2/dut1/n29: no routing
Net dut2/dut1/n30: no routing
Net dut2/dut1/n31: no routing
Net dut2/dut1/n32: no routing
Net dut2/dut1/n33: no routing
Net dut2/dut1/n37: no routing
Net dut2/dut1/n38: no routing
Net dut2/dut1/n39: no routing
Net dut2/dut1/n40: no routing
Net dut2/dut1/n41: no routing
Net dut2/dut1/n42: no routing
Net dut2/dut1/n43: no routing
Net dut2/dut1/n44: no routing
Net dut2/dut1/n45: no routing
Net dut2/dut1/n46: no routing
Net dut2/dut1/n47: no routing
Net dut2/dut1/n48: no routing
Net dut2/dut1/n49: no routing
Net dut2/dut1/n50: no routing
Net dut2/dut1/n51: no routing
Net dut2/dut1/n52: no routing
Net dut2/dut1/n53: no routing
Net dut2/dut1/n54: no routing
Net dut2/dut1/n55: no routing
Net dut2/dut1/n56: no routing
Net dut2/dut1/n57: no routing
Net dut2/dut1/n58: no routing
Net dut2/dut1/n59: no routing
Net dut2/dut1/n60: no routing
Net dut2/dut1/n61: no routing
Net dut2/dut1/edge_counter[4]: no routing
Net dut2/dut1/edge_counter[3]: no routing
Net dut2/dut1/edge_counter[2]: no routing
Net dut2/dut1/edge_counter[1]: no routing
Net dut2/dut1/edge_counter[0]: no routing
Net dut2/dut1/data_bit_counter[2]: no routing
Net dut2/dut1/data_bit_counter[1]: no routing
Net dut2/dut1/data_bit_counter[0]: no routing
Net dut2/dut2/n12: no routing
Net dut2/dut2/n13: no routing
Net dut2/dut2/n14: no routing
Net dut2/dut2/n15: no routing
Net dut2/dut2/n16: no routing
Net dut2/dut2/n17: no routing
Net dut2/dut2/n18: no routing
Net dut2/dut2/n19: no routing
Net dut2/dut2/n20: no routing
Net dut2/dut2/n21: no routing
Net dut2/dut2/n22: no routing
Net dut2/dut2/n4: no routing
Net dut2/dut2/n5: no routing
Net dut2/dut2/n6: no routing
Net dut2/dut2/n8: no routing
Net dut2/dut2/n9: no routing
Net dut2/dut2/n10: no routing
Net dut2/dut2/n11: no routing
Net dut2/dut2/current_state[2]: no routing
Net dut2/dut2/current_state[1]: no routing
Net dut2/dut2/current_state[0]: no routing
Net dut2/dut2/next_state[2]: no routing
Net dut2/dut2/next_state[1]: no routing
Net dut2/dut2/next_state[0]: no routing
Net dut2/dut3/n10: no routing
Net dut2/dut3/n12: no routing
Net dut2/dut3/n14: no routing
Net dut2/dut3/n16: no routing
Net dut2/dut3/n18: no routing
Net dut2/dut3/n20: no routing
Net dut2/dut3/n22: no routing
Net dut2/dut3/n24: no routing
Net dut2/dut3/n3: no routing
Net dut2/dut3/n4: no routing
Net dut2/dut3/n5: no routing
Net dut2/dut3/n6: no routing
Net dut2/dut3/n7: no routing
Net dut2/dut3/n8: no routing
Net dut2/dut3/n25: no routing
Net dut2/dut4/n11: no routing
Net dut2/dut4/n1: no routing
Net dut2/dut4/n3: no routing
Net dut2/dut4/n4: no routing
Net dut2/dut4/n5: no routing
Net dut2/dut4/n6: no routing
Net dut2/dut4/n7: no routing
Net dut2/dut4/n9: no routing
Net dut2/dut4/n10: no routing
Net dut2/dut4/n2: no routing
Net dut2/dut6/n5: no routing
Net dut2/dut6/n3: no routing
Net dut2/dut6/n4: no routing
Net dut2/dut6/n7: no routing
Net dut2/dut6/n8: no routing
Net dut2/dut6/n1: no routing
Net dut3/reg_file[4][7]: no routing
Net dut3/reg_file[4][6]: no routing
Net dut3/reg_file[4][5]: no routing
Net dut3/reg_file[4][4]: no routing
Net dut3/reg_file[4][3]: no routing
Net dut3/reg_file[4][2]: no routing
Net dut3/reg_file[4][1]: no routing
Net dut3/reg_file[4][0]: no routing
Net dut3/reg_file[5][7]: no routing
Net dut3/reg_file[5][6]: no routing
Net dut3/reg_file[5][5]: no routing
Net dut3/reg_file[5][4]: no routing
Net dut3/reg_file[5][3]: no routing
Net dut3/reg_file[5][2]: no routing
Net dut3/reg_file[5][1]: no routing
Net dut3/reg_file[5][0]: no routing
Net dut3/reg_file[6][7]: no routing
Net dut3/reg_file[6][6]: no routing
Net dut3/reg_file[6][5]: no routing
Net dut3/reg_file[6][4]: no routing
Net dut3/reg_file[6][3]: no routing
Net dut3/reg_file[6][2]: no routing
Net dut3/reg_file[6][1]: no routing
Net dut3/reg_file[6][0]: no routing
Net dut3/reg_file[7][7]: no routing
Net dut3/reg_file[7][6]: no routing
Net dut3/reg_file[7][5]: no routing
Net dut3/reg_file[7][4]: no routing
Net dut3/reg_file[7][3]: no routing
Net dut3/reg_file[7][2]: no routing
Net dut3/reg_file[7][1]: no routing
Net dut3/reg_file[7][0]: no routing
Net dut3/reg_file[8][7]: no routing
Net dut3/reg_file[8][6]: no routing
Net dut3/reg_file[8][5]: no routing
Net dut3/reg_file[8][4]: no routing
Net dut3/reg_file[8][3]: no routing
Net dut3/reg_file[8][2]: no routing
Net dut3/reg_file[8][1]: no routing
Net dut3/reg_file[8][0]: no routing
Net dut3/reg_file[9][7]: no routing
Net dut3/reg_file[9][6]: no routing
Net dut3/reg_file[9][5]: no routing
Net dut3/reg_file[9][4]: no routing
Net dut3/reg_file[9][3]: no routing
Net dut3/reg_file[9][2]: no routing
Net dut3/reg_file[9][1]: no routing
Net dut3/reg_file[9][0]: no routing
Net dut3/reg_file[10][7]: no routing
Net dut3/reg_file[10][6]: no routing
Net dut3/reg_file[10][5]: no routing
Net dut3/reg_file[10][4]: no routing
Net dut3/reg_file[10][3]: no routing
Net dut3/reg_file[10][2]: no routing
Net dut3/reg_file[10][1]: no routing
Net dut3/reg_file[10][0]: no routing
Net dut3/reg_file[11][7]: no routing
Net dut3/reg_file[11][6]: no routing
Net dut3/reg_file[11][5]: no routing
Net dut3/reg_file[11][4]: no routing
Net dut3/reg_file[11][3]: no routing
Net dut3/reg_file[11][2]: no routing
Net dut3/reg_file[11][1]: no routing
Net dut3/reg_file[11][0]: no routing
Net dut3/reg_file[12][7]: no routing
Net dut3/reg_file[12][6]: no routing
Net dut3/reg_file[12][5]: no routing
Net dut3/reg_file[12][4]: no routing
Net dut3/reg_file[12][3]: no routing
Net dut3/reg_file[12][2]: no routing
Net dut3/reg_file[12][1]: no routing
Net dut3/reg_file[12][0]: no routing
Net dut3/reg_file[13][7]: no routing
Net dut3/reg_file[13][5]: no routing
Net dut3/reg_file[13][4]: no routing
Net dut3/reg_file[13][3]: no routing
Net dut3/reg_file[13][2]: no routing
Net dut3/reg_file[13][1]: no routing
Net dut3/reg_file[13][0]: no routing
Net dut3/reg_file[14][7]: no routing
Net dut3/reg_file[14][6]: no routing
Net dut3/reg_file[14][5]: no routing
Net dut3/reg_file[14][4]: no routing
Net dut3/reg_file[14][3]: no routing
Net dut3/reg_file[14][2]: no routing
Net dut3/reg_file[14][1]: no routing
Net dut3/reg_file[14][0]: no routing
Net dut3/reg_file[15][6]: no routing
Net dut3/reg_file[15][5]: no routing
Net dut3/reg_file[15][4]: no routing
Net dut3/reg_file[15][3]: no routing
Net dut3/reg_file[15][2]: no routing
Net dut3/reg_file[15][1]: no routing
Net dut3/reg_file[15][0]: no routing
Net dut3/N35: no routing
Net dut3/N36: no routing
Net dut3/N37: no routing
Net dut3/N38: no routing
Net dut3/N39: no routing
Net dut3/N40: no routing
Net dut3/N41: no routing
Net dut3/N42: no routing
Net dut3/n1: no routing
Net dut3/n2: no routing
Net dut3/n11: no routing
Net dut3/n12: no routing
Net dut3/n13: no routing
Net dut3/n14: no routing
Net dut3/n15: no routing
Net dut3/n16: no routing
Net dut3/n17: no routing
Net dut3/n18: no routing
Net dut3/n19: no routing
Net dut3/n20: no routing
Net dut3/n21: no routing
Net dut3/n22: no routing
Net dut3/n23: no routing
Net dut3/n24: no routing
Net dut3/n26: no routing
Net dut3/n27: no routing
Net dut3/n28: no routing
Net dut3/n29: no routing
Net dut3/n32: no routing
Net dut3/n33: no routing
Net dut3/n34: no routing
Net dut3/n35: no routing
Net dut3/n36: no routing
Net dut3/n37: no routing
Net dut3/n176: no routing
Net dut3/n177: no routing
Net dut3/n178: no routing
Net dut3/n179: no routing
Net dut3/n180: no routing
Net dut3/n181: no routing
Net dut3/n182: no routing
Net dut3/n183: no routing
Net dut3/n184: no routing
Net dut3/n185: no routing
Net dut3/n186: no routing
Net dut3/n187: no routing
Net dut3/n188: no routing
Net dut3/n189: no routing
Net dut3/n190: no routing
Net dut3/n191: no routing
Net dut3/n192: no routing
Net dut3/n193: no routing
Net dut3/n194: no routing
Net dut3/n195: no routing
Net dut3/n196: no routing
Net dut3/n197: no routing
Net dut3/n198: no routing
Net dut3/n199: no routing
Net dut3/n200: no routing
Net dut3/n201: no routing
Net dut3/n202: no routing
Net dut3/n203: no routing
Net dut3/n204: no routing
Net dut3/n205: no routing
Net dut3/n206: no routing
Net dut3/n207: no routing
Net dut3/n208: no routing
Net dut3/n209: no routing
Net dut3/n210: no routing
Net dut3/n211: no routing
Net dut3/n212: no routing
Net dut3/n213: no routing
Net dut3/n214: no routing
Net dut3/n215: no routing
Net dut3/n216: no routing
Net dut3/n217: no routing
Net dut3/n218: no routing
Net dut3/n219: no routing
Net dut3/n220: no routing
Net dut3/n221: no routing
Net dut3/n222: no routing
Net dut3/n223: no routing
Net dut3/n224: no routing
Net dut3/n225: no routing
Net dut3/n226: no routing
Net dut3/n227: no routing
Net dut3/n228: no routing
Net dut3/n229: no routing
Net dut3/n230: no routing
Net dut3/n231: no routing
Net dut3/n232: no routing
Net dut3/n233: no routing
Net dut3/n234: no routing
Net dut3/n235: no routing
Net dut3/n236: no routing
Net dut3/n237: no routing
Net dut3/n238: no routing
Net dut3/n239: no routing
Net dut3/n240: no routing
Net dut3/n241: no routing
Net dut3/n242: no routing
Net dut3/n243: no routing
Net dut3/n244: no routing
Net dut3/n245: no routing
Net dut3/n246: no routing
Net dut3/n247: no routing
Net dut3/n248: no routing
Net dut3/n249: no routing
Net dut3/n250: no routing
Net dut3/n251: no routing
Net dut3/n252: no routing
Net dut3/n253: no routing
Net dut3/n254: no routing
Net dut3/n255: no routing
Net dut3/n256: no routing
Net dut3/n257: no routing
Net dut3/n258: no routing
Net dut3/n259: no routing
Net dut3/n260: no routing
Net dut3/n261: no routing
Net dut3/n262: no routing
Net dut3/n263: no routing
Net dut3/n264: no routing
Net dut3/n265: no routing
Net dut3/n266: no routing
Net dut3/n267: no routing
Net dut3/n268: no routing
Net dut3/n269: no routing
Net dut3/n270: no routing
Net dut3/n271: no routing
Net dut3/n272: no routing
Net dut3/n273: no routing
Net dut3/n274: no routing
Net dut3/n275: no routing
Net dut3/n276: no routing
Net dut3/n277: no routing
Net dut3/n278: no routing
Net dut3/n279: no routing
Net dut3/n280: no routing
Net dut3/n281: no routing
Net dut3/n282: no routing
Net dut3/n283: no routing
Net dut3/n284: no routing
Net dut3/n285: no routing
Net dut3/n286: no routing
Net dut3/n287: no routing
Net dut3/n288: no routing
Net dut3/n289: no routing
Net dut3/n290: no routing
Net dut3/n291: no routing
Net dut3/n292: no routing
Net dut3/n293: no routing
Net dut3/n294: no routing
Net dut3/n295: no routing
Net dut3/n296: no routing
Net dut3/n297: no routing
Net dut3/n298: no routing
Net dut3/n299: no routing
Net dut3/n300: no routing
Net dut3/n301: no routing
Net dut3/n302: no routing
Net dut3/n303: no routing
Net dut3/n304: no routing
Net dut3/n305: no routing
Net dut3/n306: no routing
Net dut3/n307: no routing
Net dut3/n308: no routing
Net dut3/n309: no routing
Net dut3/n310: no routing
Net dut3/n311: no routing
Net dut3/n312: no routing
Net dut3/n4: no routing
Net dut3/n5: no routing
Net dut3/n6: no routing
Net dut3/n7: no routing
Net dut3/n8: no routing
Net dut3/n9: no routing
Net dut3/n10: no routing
Net dut3/n25: no routing
Net dut3/n30: no routing
Net dut3/n31: no routing
Net dut3/n38: no routing
Net dut3/n313: no routing
Net dut3/n314: no routing
Net dut3/n315: no routing
Net dut3/n316: no routing
Net dut3/n317: no routing
Net dut3/n318: no routing
Net dut3/n319: no routing
Net dut3/n320: no routing
Net dut3/n321: no routing
Net dut3/n322: no routing
Net dut3/n323: no routing
Net dut3/n324: no routing
Net dut3/n325: no routing
Net dut3/n326: no routing
Net dut3/n327: no routing
Net dut3/n328: no routing
Net dut3/n329: no routing
Net dut3/n330: no routing
Net dut3/n331: no routing
Net dut3/n332: no routing
Net dut3/n333: no routing
Net dut3/n335: no routing
Net dut3/n336: no routing
Net dut3/n346: no routing
Net dut3/n347: no routing
Net dut3/n363: no routing
Net dut3/n364: no routing
Net dut3/n365: no routing
Net dut3/n366: no routing
Net dut3/n367: no routing
Net dut3/n368: no routing
Net dut3/n369: no routing
Net dut3/n370: no routing
Net dut3/n371: no routing
Net dut3/n372: no routing
Net dut3/n377: no routing
Net dut3/n378: no routing
Net dut3/n379: no routing
Net dut3/n380: no routing
Net dut3/n381: no routing
Net dut3/n382: no routing
Net dut4/N92: no routing
Net dut4/N93: no routing
Net dut4/N94: no routing
Net dut4/N95: no routing
Net dut4/N96: no routing
Net dut4/N97: no routing
Net dut4/N98: no routing
Net dut4/N99: no routing
Net dut4/N100: no routing
Net dut4/N101: no routing
Net dut4/N102: no routing
Net dut4/N103: no routing
Net dut4/N104: no routing
Net dut4/N105: no routing
Net dut4/N106: no routing
Net dut4/N107: no routing
Net dut4/N108: no routing
Net dut4/N109: no routing
Net dut4/N110: no routing
Net dut4/N111: no routing
Net dut4/N112: no routing
Net dut4/N113: no routing
Net dut4/N114: no routing
Net dut4/N115: no routing
Net dut4/N116: no routing
Net dut4/N117: no routing
Net dut4/N118: no routing
Net dut4/N119: no routing
Net dut4/N120: no routing
Net dut4/N121: no routing
Net dut4/N122: no routing
Net dut4/N123: no routing
Net dut4/N124: no routing
Net dut4/N125: no routing
Net dut4/N126: no routing
Net dut4/N127: no routing
Net dut4/N128: no routing
Net dut4/N129: no routing
Net dut4/N130: no routing
Net dut4/N131: no routing
Net dut4/N132: no routing
Net dut4/N133: no routing
Net dut4/N158: no routing
Net dut4/N159: no routing
Net dut4/N160: no routing
Net dut4/N178: no routing
Net dut4/n10: no routing
Net dut4/n11: no routing
Net dut4/n12: no routing
Net dut4/n13: no routing
Net dut4/n14: no routing
Net dut4/n16: no routing
Net dut4/n18: no routing
Net dut4/n19: no routing
Net dut4/n21: no routing
Net dut4/n22: no routing
Net dut4/n24: no routing
Net dut4/n27: no routing
Net dut4/n28: no routing
Net dut4/n29: no routing
Net dut4/n30: no routing
Net dut4/n31: no routing
Net dut4/n33: no routing
Net dut4/n35: no routing
Net dut4/n36: no routing
Net dut4/n37: no routing
Net dut4/n38: no routing
Net dut4/n39: no routing
Net dut4/n41: no routing
Net dut4/n42: no routing
Net dut4/n43: no routing
Net dut4/n44: no routing
Net dut4/n45: no routing
Net dut4/n48: no routing
Net dut4/n49: no routing
Net dut4/n50: no routing
Net dut4/n51: no routing
Net dut4/n52: no routing
Net dut4/n53: no routing
Net dut4/n54: no routing
Net dut4/n55: no routing
Net dut4/n56: no routing
Net dut4/n58: no routing
Net dut4/n59: no routing
Net dut4/n62: no routing
Net dut4/n63: no routing
Net dut4/n64: no routing
Net dut4/n65: no routing
Net dut4/n66: no routing
Net dut4/n67: no routing
Net dut4/n70: no routing
Net dut4/n71: no routing
Net dut4/n72: no routing
Net dut4/n73: no routing
Net dut4/n74: no routing
Net dut4/n75: no routing
Net dut4/n78: no routing
Net dut4/n79: no routing
Net dut4/n80: no routing
Net dut4/n81: no routing
Net dut4/n82: no routing
Net dut4/n83: no routing
Net dut4/n86: no routing
Net dut4/n87: no routing
Net dut4/n88: no routing
Net dut4/n89: no routing
Net dut4/n90: no routing
Net dut4/n91: no routing
Net dut4/n92: no routing
Net dut4/n95: no routing
Net dut4/n96: no routing
Net dut4/n97: no routing
Net dut4/n98: no routing
Net dut4/n99: no routing
Net dut4/n101: no routing
Net dut4/n102: no routing
Net dut4/n104: no routing
Net dut4/n105: no routing
Net dut4/n106: no routing
Net dut4/n110: no routing
Net dut4/n111: no routing
Net dut4/n112: no routing
Net dut4/n113: no routing
Net dut4/n114: no routing
Net dut4/n115: no routing
Net dut4/n116: no routing
Net dut4/n117: no routing
Net dut4/n118: no routing
Net dut4/n119: no routing
Net dut4/n120: no routing
Net dut4/n121: no routing
Net dut4/n122: no routing
Net dut4/n124: no routing
Net dut4/n126: no routing
Net dut4/n128: no routing
Net dut4/n130: no routing
Net dut4/n132: no routing
Net dut4/n134: no routing
Net dut4/n136: no routing
Net dut4/n138: no routing
Net dut4/n140: no routing
Net dut4/n142: no routing
Net dut4/n144: no routing
Net dut4/n146: no routing
Net dut4/n148: no routing
Net dut4/n150: no routing
Net dut4/n152: no routing
Net dut4/n154: no routing
Net dut4/n26: no routing
Net dut4/n32: no routing
Net dut4/n34: no routing
Net dut4/n40: no routing
Net dut4/n46: no routing
Net dut4/n47: no routing
Net dut4/n57: no routing
Net dut4/n60: no routing
Net dut4/n61: no routing
Net dut4/n68: no routing
Net dut4/n69: no routing
Net dut4/n76: no routing
Net dut4/n77: no routing
Net dut4/n84: no routing
Net dut4/n85: no routing
Net dut4/n93: no routing
Net dut4/n94: no routing
Net dut4/n100: no routing
Net dut4/n103: no routing
Net dut4/n107: no routing
Net dut4/n108: no routing
Net dut4/n109: no routing
Net dut4/n156: no routing
Net dut4/n157: no routing
Net dut4/n158: no routing
Net dut4/n159: no routing
Net dut4/n160: no routing
Net dut4/n161: no routing
Net dut4/n162: no routing
Net dut4/n163: no routing
Net dut4/n164: no routing
Net dut4/n165: no routing
Net dut4/n166: no routing
Net dut4/n167: no routing
Net dut4/n168: no routing
Net dut4/n169: no routing
Net dut4/n170: no routing
Net dut4/n171: no routing
Net dut4/n172: no routing
Net dut4/n173: no routing
Net dut4/n174: no routing
Net dut4/n175: no routing
Net dut4/n176: no routing
Net dut4/n177: no routing
Net dut4/n178: no routing
Net dut4/n179: no routing
Net dut4/n180: no routing

Begin Summary
    1000 Problem(s) [ 98]: Net has no global routing and no special routing.
    1000 total info(s) created.
End Summary
