Info:  Net i:/WORK/bit16_alu_DW01_sub_0/CO is undriven.
Info:  Net i:/WORK/bit16_alu_DW01_add_0/CO is undriven.
Info:  Net i:/WORK/bit16_alu_DW01_add_1/CO is undriven.
Info:  Net i:/WORK/bit16_alu_DW_div_uns_1/remainder[7] is undriven.
Info:  Net i:/WORK/bit16_alu_DW_div_uns_1/remainder[6] is undriven.
Info:  Net i:/WORK/bit16_alu_DW_div_uns_1/remainder[5] is undriven.
Info:  Net i:/WORK/bit16_alu_DW_div_uns_1/remainder[4] is undriven.
Info:  Net i:/WORK/bit16_alu_DW_div_uns_1/remainder[3] is undriven.
Info:  Net i:/WORK/bit16_alu_DW_div_uns_1/remainder[2] is undriven.
Info:  Net i:/WORK/bit16_alu_DW_div_uns_1/remainder[1] is undriven.
Info:  Net i:/WORK/bit16_alu_DW_div_uns_1/remainder[0] is undriven.
Info:  Net i:/WORK/bit16_alu_DW_div_uns_1/divide_by_0 is undriven.
Info:  guide_uniquify 92 (Line: 663)  Cannot find object "alu/dp_cluster_0/mult_27" in design 'system_TOP'.
Info:  SVF Operation 92 (Line: 663) - uniquify.  Status: rejected
Info:  guide_uniquify 93 (Line: 667)  Cannot find object "tx_div/dp_cluster_0/mult_add_21_aco" in design 'system_TOP'.
Info:  SVF Operation 93 (Line: 667) - uniquify.  Status: rejected
Info:  guide_uniquify 94 (Line: 671)  Cannot find object "rx_div/dp_cluster_0/mult_add_21_aco" in design 'system_TOP'.
Info:  Pre-verification of r:/WORK/bit16_alu/div_30 SUCCEEDED.
Info:  Pre-verification of r:/WORK/bit16_alu/mult_27 SUCCEEDED.
Info:  Pre-verification of r:/WORK/clk_div_0/mult_add_21_aco SUCCEEDED.
Info:  Pre-verification of r:/WORK/clk_div_1/mult_add_21_aco SUCCEEDED.
