**************************************************
Report         : passing_points

Reference      : r:/WORK/system_TOP
Implementation : i:/WORK/system_TOP
Version        : L-2016.03-SP1
Date           : Wed Aug 28 22:18:10 2024
**************************************************

413 Passing compare points:

  Ref  LAT        r:/WORK/system_TOP/clock_gating_cell/dut0
  Impl LAT        i:/WORK/system_TOP/clock_gating_cell/dut0

  Ref  DFF        r:/WORK/system_TOP/UART_tx/uut0/current_state_reg[0]
  Impl DFF        i:/WORK/system_TOP/UART_tx/uut0/current_state_reg[0]

  Ref  DFF        r:/WORK/system_TOP/UART_tx/uut0/current_state_reg[1]
  Impl DFF        i:/WORK/system_TOP/UART_tx/uut0/current_state_reg[1]

  Ref  DFF        r:/WORK/system_TOP/UART_tx/uut0/current_state_reg[2]
  Impl DFF        i:/WORK/system_TOP/UART_tx/uut0/current_state_reg[2]

  Ref  DFF        r:/WORK/system_TOP/UART_tx/uut1/counter_reg[0]
  Impl DFF        i:/WORK/system_TOP/UART_tx/uut1/counter_reg[0]

  Ref  DFF        r:/WORK/system_TOP/UART_tx/uut1/counter_reg[1]
  Impl DFF        i:/WORK/system_TOP/UART_tx/uut1/counter_reg[1]

  Ref  DFF        r:/WORK/system_TOP/UART_tx/uut1/counter_reg[2]
  Impl DFF        i:/WORK/system_TOP/UART_tx/uut1/counter_reg[2]

  Ref  DFF        r:/WORK/system_TOP/UART_tx/uut1/parallel_data_reg_reg[0]
  Impl DFF        i:/WORK/system_TOP/UART_tx/uut1/parallel_data_reg_reg[0]

  Ref  DFF        r:/WORK/system_TOP/UART_tx/uut1/parallel_data_reg_reg[1]
  Impl DFF        i:/WORK/system_TOP/UART_tx/uut1/parallel_data_reg_reg[1]

  Ref  DFF        r:/WORK/system_TOP/UART_tx/uut1/parallel_data_reg_reg[2]
  Impl DFF        i:/WORK/system_TOP/UART_tx/uut1/parallel_data_reg_reg[2]

  Ref  DFF        r:/WORK/system_TOP/UART_tx/uut1/parallel_data_reg_reg[3]
  Impl DFF        i:/WORK/system_TOP/UART_tx/uut1/parallel_data_reg_reg[3]

  Ref  DFF        r:/WORK/system_TOP/UART_tx/uut1/parallel_data_reg_reg[4]
  Impl DFF        i:/WORK/system_TOP/UART_tx/uut1/parallel_data_reg_reg[4]

  Ref  DFF        r:/WORK/system_TOP/UART_tx/uut1/parallel_data_reg_reg[5]
  Impl DFF        i:/WORK/system_TOP/UART_tx/uut1/parallel_data_reg_reg[5]

  Ref  DFF        r:/WORK/system_TOP/UART_tx/uut1/parallel_data_reg_reg[6]
  Impl DFF        i:/WORK/system_TOP/UART_tx/uut1/parallel_data_reg_reg[6]

  Ref  DFF        r:/WORK/system_TOP/UART_tx/uut1/parallel_data_reg_reg[7]
  Impl DFF        i:/WORK/system_TOP/UART_tx/uut1/parallel_data_reg_reg[7]

  Ref  DFF        r:/WORK/system_TOP/UART_tx/uut2/parity_bit_reg
  Impl DFF        i:/WORK/system_TOP/UART_tx/uut2/parity_bit_reg

  Ref  DFF        r:/WORK/system_TOP/alu/alu_out_reg[0]
  Impl DFF        i:/WORK/system_TOP/alu/alu_out_reg[0]

  Ref  DFF        r:/WORK/system_TOP/alu/alu_out_reg[10]
  Impl DFF        i:/WORK/system_TOP/alu/alu_out_reg[10]

  Ref  DFF        r:/WORK/system_TOP/alu/alu_out_reg[11]
  Impl DFF        i:/WORK/system_TOP/alu/alu_out_reg[11]

  Ref  DFF        r:/WORK/system_TOP/alu/alu_out_reg[12]
  Impl DFF        i:/WORK/system_TOP/alu/alu_out_reg[12]

  Ref  DFF        r:/WORK/system_TOP/alu/alu_out_reg[13]
  Impl DFF        i:/WORK/system_TOP/alu/alu_out_reg[13]

  Ref  DFF        r:/WORK/system_TOP/alu/alu_out_reg[14]
  Impl DFF        i:/WORK/system_TOP/alu/alu_out_reg[14]

  Ref  DFF        r:/WORK/system_TOP/alu/alu_out_reg[15]
  Impl DFF        i:/WORK/system_TOP/alu/alu_out_reg[15]

  Ref  DFF        r:/WORK/system_TOP/alu/alu_out_reg[1]
  Impl DFF        i:/WORK/system_TOP/alu/alu_out_reg[1]

  Ref  DFF        r:/WORK/system_TOP/alu/alu_out_reg[2]
  Impl DFF        i:/WORK/system_TOP/alu/alu_out_reg[2]

  Ref  DFF        r:/WORK/system_TOP/alu/alu_out_reg[3]
  Impl DFF        i:/WORK/system_TOP/alu/alu_out_reg[3]

  Ref  DFF        r:/WORK/system_TOP/alu/alu_out_reg[4]
  Impl DFF        i:/WORK/system_TOP/alu/alu_out_reg[4]

  Ref  DFF        r:/WORK/system_TOP/alu/alu_out_reg[5]
  Impl DFF        i:/WORK/system_TOP/alu/alu_out_reg[5]

  Ref  DFF        r:/WORK/system_TOP/alu/alu_out_reg[6]
  Impl DFF        i:/WORK/system_TOP/alu/alu_out_reg[6]

  Ref  DFF        r:/WORK/system_TOP/alu/alu_out_reg[7]
  Impl DFF        i:/WORK/system_TOP/alu/alu_out_reg[7]

  Ref  DFF        r:/WORK/system_TOP/alu/alu_out_reg[8]
  Impl DFF        i:/WORK/system_TOP/alu/alu_out_reg[8]

  Ref  DFF        r:/WORK/system_TOP/alu/alu_out_reg[9]
  Impl DFF        i:/WORK/system_TOP/alu/alu_out_reg[9]

  Ref  DFF        r:/WORK/system_TOP/alu/out_valid_reg
  Impl DFF        i:/WORK/system_TOP/alu/out_valid_reg

  Ref  DFF        r:/WORK/system_TOP/async_fifo/dut1/w_address_reg[0]
  Impl DFF        i:/WORK/system_TOP/async_fifo/dut1/w_address_reg[0]

  Ref  DFF        r:/WORK/system_TOP/async_fifo/dut1/w_address_reg[1]
  Impl DFF        i:/WORK/system_TOP/async_fifo/dut1/w_address_reg[1]

  Ref  DFF        r:/WORK/system_TOP/async_fifo/dut1/w_address_reg[2]
  Impl DFF        i:/WORK/system_TOP/async_fifo/dut1/w_address_reg[2]

  Ref  DFF        r:/WORK/system_TOP/async_fifo/dut1/w_address_reg[3]
  Impl DFF        i:/WORK/system_TOP/async_fifo/dut1/w_address_reg[3]

  Ref  DFF        r:/WORK/system_TOP/async_fifo/dut1/wr_ptr_reg[0]
  Impl DFF        i:/WORK/system_TOP/async_fifo/dut1/wr_ptr_reg[0]

  Ref  DFF        r:/WORK/system_TOP/async_fifo/dut1/wr_ptr_reg[1]
  Impl DFF        i:/WORK/system_TOP/async_fifo/dut1/wr_ptr_reg[1]

  Ref  DFF        r:/WORK/system_TOP/async_fifo/dut1/wr_ptr_reg[2]
  Impl DFF        i:/WORK/system_TOP/async_fifo/dut1/wr_ptr_reg[2]

  Ref  DFF        r:/WORK/system_TOP/async_fifo/dut1/wr_ptr_reg[3]
  Impl DFF        i:/WORK/system_TOP/async_fifo/dut1/wr_ptr_reg[3]

  Ref  DFF        r:/WORK/system_TOP/async_fifo/dut1/wr_ptr_reg[4]
  Impl DFF        i:/WORK/system_TOP/async_fifo/dut1/wr_ptr_reg[4]

  Ref  DFF        r:/WORK/system_TOP/async_fifo/dut2/fifo_reg[0][0]
  Impl DFF        i:/WORK/system_TOP/async_fifo/dut2/fifo_reg[0][0]

  Ref  DFF        r:/WORK/system_TOP/async_fifo/dut2/fifo_reg[0][1]
  Impl DFF        i:/WORK/system_TOP/async_fifo/dut2/fifo_reg[0][1]

  Ref  DFF        r:/WORK/system_TOP/async_fifo/dut2/fifo_reg[0][2]
  Impl DFF        i:/WORK/system_TOP/async_fifo/dut2/fifo_reg[0][2]

  Ref  DFF        r:/WORK/system_TOP/async_fifo/dut2/fifo_reg[0][3]
  Impl DFF        i:/WORK/system_TOP/async_fifo/dut2/fifo_reg[0][3]

  Ref  DFF        r:/WORK/system_TOP/async_fifo/dut2/fifo_reg[0][4]
  Impl DFF        i:/WORK/system_TOP/async_fifo/dut2/fifo_reg[0][4]

  Ref  DFF        r:/WORK/system_TOP/async_fifo/dut2/fifo_reg[0][5]
  Impl DFF        i:/WORK/system_TOP/async_fifo/dut2/fifo_reg[0][5]

  Ref  DFF        r:/WORK/system_TOP/async_fifo/dut2/fifo_reg[0][6]
  Impl DFF        i:/WORK/system_TOP/async_fifo/dut2/fifo_reg[0][6]

  Ref  DFF        r:/WORK/system_TOP/async_fifo/dut2/fifo_reg[0][7]
  Impl DFF        i:/WORK/system_TOP/async_fifo/dut2/fifo_reg[0][7]

  Ref  DFF        r:/WORK/system_TOP/async_fifo/dut2/fifo_reg[10][0]
  Impl DFF        i:/WORK/system_TOP/async_fifo/dut2/fifo_reg[10][0]

  Ref  DFF        r:/WORK/system_TOP/async_fifo/dut2/fifo_reg[10][1]
  Impl DFF        i:/WORK/system_TOP/async_fifo/dut2/fifo_reg[10][1]

  Ref  DFF        r:/WORK/system_TOP/async_fifo/dut2/fifo_reg[10][2]
  Impl DFF        i:/WORK/system_TOP/async_fifo/dut2/fifo_reg[10][2]

  Ref  DFF        r:/WORK/system_TOP/async_fifo/dut2/fifo_reg[10][3]
  Impl DFF        i:/WORK/system_TOP/async_fifo/dut2/fifo_reg[10][3]

  Ref  DFF        r:/WORK/system_TOP/async_fifo/dut2/fifo_reg[10][4]
  Impl DFF        i:/WORK/system_TOP/async_fifo/dut2/fifo_reg[10][4]

  Ref  DFF        r:/WORK/system_TOP/async_fifo/dut2/fifo_reg[10][5]
  Impl DFF        i:/WORK/system_TOP/async_fifo/dut2/fifo_reg[10][5]

  Ref  DFF        r:/WORK/system_TOP/async_fifo/dut2/fifo_reg[10][6]
  Impl DFF        i:/WORK/system_TOP/async_fifo/dut2/fifo_reg[10][6]

  Ref  DFF        r:/WORK/system_TOP/async_fifo/dut2/fifo_reg[10][7]
  Impl DFF        i:/WORK/system_TOP/async_fifo/dut2/fifo_reg[10][7]

  Ref  DFF        r:/WORK/system_TOP/async_fifo/dut2/fifo_reg[11][0]
  Impl DFF        i:/WORK/system_TOP/async_fifo/dut2/fifo_reg[11][0]

  Ref  DFF        r:/WORK/system_TOP/async_fifo/dut2/fifo_reg[11][1]
  Impl DFF        i:/WORK/system_TOP/async_fifo/dut2/fifo_reg[11][1]

  Ref  DFF        r:/WORK/system_TOP/async_fifo/dut2/fifo_reg[11][2]
  Impl DFF        i:/WORK/system_TOP/async_fifo/dut2/fifo_reg[11][2]

  Ref  DFF        r:/WORK/system_TOP/async_fifo/dut2/fifo_reg[11][3]
  Impl DFF        i:/WORK/system_TOP/async_fifo/dut2/fifo_reg[11][3]

  Ref  DFF        r:/WORK/system_TOP/async_fifo/dut2/fifo_reg[11][4]
  Impl DFF        i:/WORK/system_TOP/async_fifo/dut2/fifo_reg[11][4]

  Ref  DFF        r:/WORK/system_TOP/async_fifo/dut2/fifo_reg[11][5]
  Impl DFF        i:/WORK/system_TOP/async_fifo/dut2/fifo_reg[11][5]

  Ref  DFF        r:/WORK/system_TOP/async_fifo/dut2/fifo_reg[11][6]
  Impl DFF        i:/WORK/system_TOP/async_fifo/dut2/fifo_reg[11][6]

  Ref  DFF        r:/WORK/system_TOP/async_fifo/dut2/fifo_reg[11][7]
  Impl DFF        i:/WORK/system_TOP/async_fifo/dut2/fifo_reg[11][7]

  Ref  DFF        r:/WORK/system_TOP/async_fifo/dut2/fifo_reg[12][0]
  Impl DFF        i:/WORK/system_TOP/async_fifo/dut2/fifo_reg[12][0]

  Ref  DFF        r:/WORK/system_TOP/async_fifo/dut2/fifo_reg[12][1]
  Impl DFF        i:/WORK/system_TOP/async_fifo/dut2/fifo_reg[12][1]

  Ref  DFF        r:/WORK/system_TOP/async_fifo/dut2/fifo_reg[12][2]
  Impl DFF        i:/WORK/system_TOP/async_fifo/dut2/fifo_reg[12][2]

  Ref  DFF        r:/WORK/system_TOP/async_fifo/dut2/fifo_reg[12][3]
  Impl DFF        i:/WORK/system_TOP/async_fifo/dut2/fifo_reg[12][3]

  Ref  DFF        r:/WORK/system_TOP/async_fifo/dut2/fifo_reg[12][4]
  Impl DFF        i:/WORK/system_TOP/async_fifo/dut2/fifo_reg[12][4]

  Ref  DFF        r:/WORK/system_TOP/async_fifo/dut2/fifo_reg[12][5]
  Impl DFF        i:/WORK/system_TOP/async_fifo/dut2/fifo_reg[12][5]

  Ref  DFF        r:/WORK/system_TOP/async_fifo/dut2/fifo_reg[12][6]
  Impl DFF        i:/WORK/system_TOP/async_fifo/dut2/fifo_reg[12][6]

  Ref  DFF        r:/WORK/system_TOP/async_fifo/dut2/fifo_reg[12][7]
  Impl DFF        i:/WORK/system_TOP/async_fifo/dut2/fifo_reg[12][7]

  Ref  DFF        r:/WORK/system_TOP/async_fifo/dut2/fifo_reg[13][0]
  Impl DFF        i:/WORK/system_TOP/async_fifo/dut2/fifo_reg[13][0]

  Ref  DFF        r:/WORK/system_TOP/async_fifo/dut2/fifo_reg[13][1]
  Impl DFF        i:/WORK/system_TOP/async_fifo/dut2/fifo_reg[13][1]

  Ref  DFF        r:/WORK/system_TOP/async_fifo/dut2/fifo_reg[13][2]
  Impl DFF        i:/WORK/system_TOP/async_fifo/dut2/fifo_reg[13][2]

  Ref  DFF        r:/WORK/system_TOP/async_fifo/dut2/fifo_reg[13][3]
  Impl DFF        i:/WORK/system_TOP/async_fifo/dut2/fifo_reg[13][3]

  Ref  DFF        r:/WORK/system_TOP/async_fifo/dut2/fifo_reg[13][4]
  Impl DFF        i:/WORK/system_TOP/async_fifo/dut2/fifo_reg[13][4]

  Ref  DFF        r:/WORK/system_TOP/async_fifo/dut2/fifo_reg[13][5]
  Impl DFF        i:/WORK/system_TOP/async_fifo/dut2/fifo_reg[13][5]

  Ref  DFF        r:/WORK/system_TOP/async_fifo/dut2/fifo_reg[13][6]
  Impl DFF        i:/WORK/system_TOP/async_fifo/dut2/fifo_reg[13][6]

  Ref  DFF        r:/WORK/system_TOP/async_fifo/dut2/fifo_reg[13][7]
  Impl DFF        i:/WORK/system_TOP/async_fifo/dut2/fifo_reg[13][7]

  Ref  DFF        r:/WORK/system_TOP/async_fifo/dut2/fifo_reg[14][0]
  Impl DFF        i:/WORK/system_TOP/async_fifo/dut2/fifo_reg[14][0]

  Ref  DFF        r:/WORK/system_TOP/async_fifo/dut2/fifo_reg[14][1]
  Impl DFF        i:/WORK/system_TOP/async_fifo/dut2/fifo_reg[14][1]

  Ref  DFF        r:/WORK/system_TOP/async_fifo/dut2/fifo_reg[14][2]
  Impl DFF        i:/WORK/system_TOP/async_fifo/dut2/fifo_reg[14][2]

  Ref  DFF        r:/WORK/system_TOP/async_fifo/dut2/fifo_reg[14][3]
  Impl DFF        i:/WORK/system_TOP/async_fifo/dut2/fifo_reg[14][3]

  Ref  DFF        r:/WORK/system_TOP/async_fifo/dut2/fifo_reg[14][4]
  Impl DFF        i:/WORK/system_TOP/async_fifo/dut2/fifo_reg[14][4]

  Ref  DFF        r:/WORK/system_TOP/async_fifo/dut2/fifo_reg[14][5]
  Impl DFF        i:/WORK/system_TOP/async_fifo/dut2/fifo_reg[14][5]

  Ref  DFF        r:/WORK/system_TOP/async_fifo/dut2/fifo_reg[14][6]
  Impl DFF        i:/WORK/system_TOP/async_fifo/dut2/fifo_reg[14][6]

  Ref  DFF        r:/WORK/system_TOP/async_fifo/dut2/fifo_reg[14][7]
  Impl DFF        i:/WORK/system_TOP/async_fifo/dut2/fifo_reg[14][7]

  Ref  DFF        r:/WORK/system_TOP/async_fifo/dut2/fifo_reg[15][0]
  Impl DFF        i:/WORK/system_TOP/async_fifo/dut2/fifo_reg[15][0]

  Ref  DFF        r:/WORK/system_TOP/async_fifo/dut2/fifo_reg[15][1]
  Impl DFF        i:/WORK/system_TOP/async_fifo/dut2/fifo_reg[15][1]

  Ref  DFF        r:/WORK/system_TOP/async_fifo/dut2/fifo_reg[15][2]
  Impl DFF        i:/WORK/system_TOP/async_fifo/dut2/fifo_reg[15][2]

  Ref  DFF        r:/WORK/system_TOP/async_fifo/dut2/fifo_reg[15][3]
  Impl DFF        i:/WORK/system_TOP/async_fifo/dut2/fifo_reg[15][3]

  Ref  DFF        r:/WORK/system_TOP/async_fifo/dut2/fifo_reg[15][4]
  Impl DFF        i:/WORK/system_TOP/async_fifo/dut2/fifo_reg[15][4]

  Ref  DFF        r:/WORK/system_TOP/async_fifo/dut2/fifo_reg[15][5]
  Impl DFF        i:/WORK/system_TOP/async_fifo/dut2/fifo_reg[15][5]

  Ref  DFF        r:/WORK/system_TOP/async_fifo/dut2/fifo_reg[15][6]
  Impl DFF        i:/WORK/system_TOP/async_fifo/dut2/fifo_reg[15][6]

  Ref  DFF        r:/WORK/system_TOP/async_fifo/dut2/fifo_reg[15][7]
  Impl DFF        i:/WORK/system_TOP/async_fifo/dut2/fifo_reg[15][7]

  Ref  DFF        r:/WORK/system_TOP/async_fifo/dut2/fifo_reg[1][0]
  Impl DFF        i:/WORK/system_TOP/async_fifo/dut2/fifo_reg[1][0]

  Ref  DFF        r:/WORK/system_TOP/async_fifo/dut2/fifo_reg[1][1]
  Impl DFF        i:/WORK/system_TOP/async_fifo/dut2/fifo_reg[1][1]

  Ref  DFF        r:/WORK/system_TOP/async_fifo/dut2/fifo_reg[1][2]
  Impl DFF        i:/WORK/system_TOP/async_fifo/dut2/fifo_reg[1][2]

  Ref  DFF        r:/WORK/system_TOP/async_fifo/dut2/fifo_reg[1][3]
  Impl DFF        i:/WORK/system_TOP/async_fifo/dut2/fifo_reg[1][3]

  Ref  DFF        r:/WORK/system_TOP/async_fifo/dut2/fifo_reg[1][4]
  Impl DFF        i:/WORK/system_TOP/async_fifo/dut2/fifo_reg[1][4]

  Ref  DFF        r:/WORK/system_TOP/async_fifo/dut2/fifo_reg[1][5]
  Impl DFF        i:/WORK/system_TOP/async_fifo/dut2/fifo_reg[1][5]

  Ref  DFF        r:/WORK/system_TOP/async_fifo/dut2/fifo_reg[1][6]
  Impl DFF        i:/WORK/system_TOP/async_fifo/dut2/fifo_reg[1][6]

  Ref  DFF        r:/WORK/system_TOP/async_fifo/dut2/fifo_reg[1][7]
  Impl DFF        i:/WORK/system_TOP/async_fifo/dut2/fifo_reg[1][7]

  Ref  DFF        r:/WORK/system_TOP/async_fifo/dut2/fifo_reg[2][0]
  Impl DFF        i:/WORK/system_TOP/async_fifo/dut2/fifo_reg[2][0]

  Ref  DFF        r:/WORK/system_TOP/async_fifo/dut2/fifo_reg[2][1]
  Impl DFF        i:/WORK/system_TOP/async_fifo/dut2/fifo_reg[2][1]

  Ref  DFF        r:/WORK/system_TOP/async_fifo/dut2/fifo_reg[2][2]
  Impl DFF        i:/WORK/system_TOP/async_fifo/dut2/fifo_reg[2][2]

  Ref  DFF        r:/WORK/system_TOP/async_fifo/dut2/fifo_reg[2][3]
  Impl DFF        i:/WORK/system_TOP/async_fifo/dut2/fifo_reg[2][3]

  Ref  DFF        r:/WORK/system_TOP/async_fifo/dut2/fifo_reg[2][4]
  Impl DFF        i:/WORK/system_TOP/async_fifo/dut2/fifo_reg[2][4]

  Ref  DFF        r:/WORK/system_TOP/async_fifo/dut2/fifo_reg[2][5]
  Impl DFF        i:/WORK/system_TOP/async_fifo/dut2/fifo_reg[2][5]

  Ref  DFF        r:/WORK/system_TOP/async_fifo/dut2/fifo_reg[2][6]
  Impl DFF        i:/WORK/system_TOP/async_fifo/dut2/fifo_reg[2][6]

  Ref  DFF        r:/WORK/system_TOP/async_fifo/dut2/fifo_reg[2][7]
  Impl DFF        i:/WORK/system_TOP/async_fifo/dut2/fifo_reg[2][7]

  Ref  DFF        r:/WORK/system_TOP/async_fifo/dut2/fifo_reg[3][0]
  Impl DFF        i:/WORK/system_TOP/async_fifo/dut2/fifo_reg[3][0]

  Ref  DFF        r:/WORK/system_TOP/async_fifo/dut2/fifo_reg[3][1]
  Impl DFF        i:/WORK/system_TOP/async_fifo/dut2/fifo_reg[3][1]

  Ref  DFF        r:/WORK/system_TOP/async_fifo/dut2/fifo_reg[3][2]
  Impl DFF        i:/WORK/system_TOP/async_fifo/dut2/fifo_reg[3][2]

  Ref  DFF        r:/WORK/system_TOP/async_fifo/dut2/fifo_reg[3][3]
  Impl DFF        i:/WORK/system_TOP/async_fifo/dut2/fifo_reg[3][3]

  Ref  DFF        r:/WORK/system_TOP/async_fifo/dut2/fifo_reg[3][4]
  Impl DFF        i:/WORK/system_TOP/async_fifo/dut2/fifo_reg[3][4]

  Ref  DFF        r:/WORK/system_TOP/async_fifo/dut2/fifo_reg[3][5]
  Impl DFF        i:/WORK/system_TOP/async_fifo/dut2/fifo_reg[3][5]

  Ref  DFF        r:/WORK/system_TOP/async_fifo/dut2/fifo_reg[3][6]
  Impl DFF        i:/WORK/system_TOP/async_fifo/dut2/fifo_reg[3][6]

  Ref  DFF        r:/WORK/system_TOP/async_fifo/dut2/fifo_reg[3][7]
  Impl DFF        i:/WORK/system_TOP/async_fifo/dut2/fifo_reg[3][7]

  Ref  DFF        r:/WORK/system_TOP/async_fifo/dut2/fifo_reg[4][0]
  Impl DFF        i:/WORK/system_TOP/async_fifo/dut2/fifo_reg[4][0]

  Ref  DFF        r:/WORK/system_TOP/async_fifo/dut2/fifo_reg[4][1]
  Impl DFF        i:/WORK/system_TOP/async_fifo/dut2/fifo_reg[4][1]

  Ref  DFF        r:/WORK/system_TOP/async_fifo/dut2/fifo_reg[4][2]
  Impl DFF        i:/WORK/system_TOP/async_fifo/dut2/fifo_reg[4][2]

  Ref  DFF        r:/WORK/system_TOP/async_fifo/dut2/fifo_reg[4][3]
  Impl DFF        i:/WORK/system_TOP/async_fifo/dut2/fifo_reg[4][3]

  Ref  DFF        r:/WORK/system_TOP/async_fifo/dut2/fifo_reg[4][4]
  Impl DFF        i:/WORK/system_TOP/async_fifo/dut2/fifo_reg[4][4]

  Ref  DFF        r:/WORK/system_TOP/async_fifo/dut2/fifo_reg[4][5]
  Impl DFF        i:/WORK/system_TOP/async_fifo/dut2/fifo_reg[4][5]

  Ref  DFF        r:/WORK/system_TOP/async_fifo/dut2/fifo_reg[4][6]
  Impl DFF        i:/WORK/system_TOP/async_fifo/dut2/fifo_reg[4][6]

  Ref  DFF        r:/WORK/system_TOP/async_fifo/dut2/fifo_reg[4][7]
  Impl DFF        i:/WORK/system_TOP/async_fifo/dut2/fifo_reg[4][7]

  Ref  DFF        r:/WORK/system_TOP/async_fifo/dut2/fifo_reg[5][0]
  Impl DFF        i:/WORK/system_TOP/async_fifo/dut2/fifo_reg[5][0]

  Ref  DFF        r:/WORK/system_TOP/async_fifo/dut2/fifo_reg[5][1]
  Impl DFF        i:/WORK/system_TOP/async_fifo/dut2/fifo_reg[5][1]

  Ref  DFF        r:/WORK/system_TOP/async_fifo/dut2/fifo_reg[5][2]
  Impl DFF        i:/WORK/system_TOP/async_fifo/dut2/fifo_reg[5][2]

  Ref  DFF        r:/WORK/system_TOP/async_fifo/dut2/fifo_reg[5][3]
  Impl DFF        i:/WORK/system_TOP/async_fifo/dut2/fifo_reg[5][3]

  Ref  DFF        r:/WORK/system_TOP/async_fifo/dut2/fifo_reg[5][4]
  Impl DFF        i:/WORK/system_TOP/async_fifo/dut2/fifo_reg[5][4]

  Ref  DFF        r:/WORK/system_TOP/async_fifo/dut2/fifo_reg[5][5]
  Impl DFF        i:/WORK/system_TOP/async_fifo/dut2/fifo_reg[5][5]

  Ref  DFF        r:/WORK/system_TOP/async_fifo/dut2/fifo_reg[5][6]
  Impl DFF        i:/WORK/system_TOP/async_fifo/dut2/fifo_reg[5][6]

  Ref  DFF        r:/WORK/system_TOP/async_fifo/dut2/fifo_reg[5][7]
  Impl DFF        i:/WORK/system_TOP/async_fifo/dut2/fifo_reg[5][7]

  Ref  DFF        r:/WORK/system_TOP/async_fifo/dut2/fifo_reg[6][0]
  Impl DFF        i:/WORK/system_TOP/async_fifo/dut2/fifo_reg[6][0]

  Ref  DFF        r:/WORK/system_TOP/async_fifo/dut2/fifo_reg[6][1]
  Impl DFF        i:/WORK/system_TOP/async_fifo/dut2/fifo_reg[6][1]

  Ref  DFF        r:/WORK/system_TOP/async_fifo/dut2/fifo_reg[6][2]
  Impl DFF        i:/WORK/system_TOP/async_fifo/dut2/fifo_reg[6][2]

  Ref  DFF        r:/WORK/system_TOP/async_fifo/dut2/fifo_reg[6][3]
  Impl DFF        i:/WORK/system_TOP/async_fifo/dut2/fifo_reg[6][3]

  Ref  DFF        r:/WORK/system_TOP/async_fifo/dut2/fifo_reg[6][4]
  Impl DFF        i:/WORK/system_TOP/async_fifo/dut2/fifo_reg[6][4]

  Ref  DFF        r:/WORK/system_TOP/async_fifo/dut2/fifo_reg[6][5]
  Impl DFF        i:/WORK/system_TOP/async_fifo/dut2/fifo_reg[6][5]

  Ref  DFF        r:/WORK/system_TOP/async_fifo/dut2/fifo_reg[6][6]
  Impl DFF        i:/WORK/system_TOP/async_fifo/dut2/fifo_reg[6][6]

  Ref  DFF        r:/WORK/system_TOP/async_fifo/dut2/fifo_reg[6][7]
  Impl DFF        i:/WORK/system_TOP/async_fifo/dut2/fifo_reg[6][7]

  Ref  DFF        r:/WORK/system_TOP/async_fifo/dut2/fifo_reg[7][0]
  Impl DFF        i:/WORK/system_TOP/async_fifo/dut2/fifo_reg[7][0]

  Ref  DFF        r:/WORK/system_TOP/async_fifo/dut2/fifo_reg[7][1]
  Impl DFF        i:/WORK/system_TOP/async_fifo/dut2/fifo_reg[7][1]

  Ref  DFF        r:/WORK/system_TOP/async_fifo/dut2/fifo_reg[7][2]
  Impl DFF        i:/WORK/system_TOP/async_fifo/dut2/fifo_reg[7][2]

  Ref  DFF        r:/WORK/system_TOP/async_fifo/dut2/fifo_reg[7][3]
  Impl DFF        i:/WORK/system_TOP/async_fifo/dut2/fifo_reg[7][3]

  Ref  DFF        r:/WORK/system_TOP/async_fifo/dut2/fifo_reg[7][4]
  Impl DFF        i:/WORK/system_TOP/async_fifo/dut2/fifo_reg[7][4]

  Ref  DFF        r:/WORK/system_TOP/async_fifo/dut2/fifo_reg[7][5]
  Impl DFF        i:/WORK/system_TOP/async_fifo/dut2/fifo_reg[7][5]

  Ref  DFF        r:/WORK/system_TOP/async_fifo/dut2/fifo_reg[7][6]
  Impl DFF        i:/WORK/system_TOP/async_fifo/dut2/fifo_reg[7][6]

  Ref  DFF        r:/WORK/system_TOP/async_fifo/dut2/fifo_reg[7][7]
  Impl DFF        i:/WORK/system_TOP/async_fifo/dut2/fifo_reg[7][7]

  Ref  DFF        r:/WORK/system_TOP/async_fifo/dut2/fifo_reg[8][0]
  Impl DFF        i:/WORK/system_TOP/async_fifo/dut2/fifo_reg[8][0]

  Ref  DFF        r:/WORK/system_TOP/async_fifo/dut2/fifo_reg[8][1]
  Impl DFF        i:/WORK/system_TOP/async_fifo/dut2/fifo_reg[8][1]

  Ref  DFF        r:/WORK/system_TOP/async_fifo/dut2/fifo_reg[8][2]
  Impl DFF        i:/WORK/system_TOP/async_fifo/dut2/fifo_reg[8][2]

  Ref  DFF        r:/WORK/system_TOP/async_fifo/dut2/fifo_reg[8][3]
  Impl DFF        i:/WORK/system_TOP/async_fifo/dut2/fifo_reg[8][3]

  Ref  DFF        r:/WORK/system_TOP/async_fifo/dut2/fifo_reg[8][4]
  Impl DFF        i:/WORK/system_TOP/async_fifo/dut2/fifo_reg[8][4]

  Ref  DFF        r:/WORK/system_TOP/async_fifo/dut2/fifo_reg[8][5]
  Impl DFF        i:/WORK/system_TOP/async_fifo/dut2/fifo_reg[8][5]

  Ref  DFF        r:/WORK/system_TOP/async_fifo/dut2/fifo_reg[8][6]
  Impl DFF        i:/WORK/system_TOP/async_fifo/dut2/fifo_reg[8][6]

  Ref  DFF        r:/WORK/system_TOP/async_fifo/dut2/fifo_reg[8][7]
  Impl DFF        i:/WORK/system_TOP/async_fifo/dut2/fifo_reg[8][7]

  Ref  DFF        r:/WORK/system_TOP/async_fifo/dut2/fifo_reg[9][0]
  Impl DFF        i:/WORK/system_TOP/async_fifo/dut2/fifo_reg[9][0]

  Ref  DFF        r:/WORK/system_TOP/async_fifo/dut2/fifo_reg[9][1]
  Impl DFF        i:/WORK/system_TOP/async_fifo/dut2/fifo_reg[9][1]

  Ref  DFF        r:/WORK/system_TOP/async_fifo/dut2/fifo_reg[9][2]
  Impl DFF        i:/WORK/system_TOP/async_fifo/dut2/fifo_reg[9][2]

  Ref  DFF        r:/WORK/system_TOP/async_fifo/dut2/fifo_reg[9][3]
  Impl DFF        i:/WORK/system_TOP/async_fifo/dut2/fifo_reg[9][3]

  Ref  DFF        r:/WORK/system_TOP/async_fifo/dut2/fifo_reg[9][4]
  Impl DFF        i:/WORK/system_TOP/async_fifo/dut2/fifo_reg[9][4]

  Ref  DFF        r:/WORK/system_TOP/async_fifo/dut2/fifo_reg[9][5]
  Impl DFF        i:/WORK/system_TOP/async_fifo/dut2/fifo_reg[9][5]

  Ref  DFF        r:/WORK/system_TOP/async_fifo/dut2/fifo_reg[9][6]
  Impl DFF        i:/WORK/system_TOP/async_fifo/dut2/fifo_reg[9][6]

  Ref  DFF        r:/WORK/system_TOP/async_fifo/dut2/fifo_reg[9][7]
  Impl DFF        i:/WORK/system_TOP/async_fifo/dut2/fifo_reg[9][7]

  Ref  DFF        r:/WORK/system_TOP/async_fifo/dut3/rd_address_reg[0]
  Impl DFF        i:/WORK/system_TOP/async_fifo/dut3/rd_address_reg[0]

  Ref  DFF        r:/WORK/system_TOP/async_fifo/dut3/rd_address_reg[1]
  Impl DFF        i:/WORK/system_TOP/async_fifo/dut3/rd_address_reg[1]

  Ref  DFF        r:/WORK/system_TOP/async_fifo/dut3/rd_address_reg[2]
  Impl DFF        i:/WORK/system_TOP/async_fifo/dut3/rd_address_reg[2]

  Ref  DFF        r:/WORK/system_TOP/async_fifo/dut3/rd_address_reg[3]
  Impl DFF        i:/WORK/system_TOP/async_fifo/dut3/rd_address_reg[3]

  Ref  DFF        r:/WORK/system_TOP/async_fifo/dut3/rd_ptr_reg[0]
  Impl DFF        i:/WORK/system_TOP/async_fifo/dut3/rd_ptr_reg[0]

  Ref  DFF        r:/WORK/system_TOP/async_fifo/dut3/rd_ptr_reg[1]
  Impl DFF        i:/WORK/system_TOP/async_fifo/dut3/rd_ptr_reg[1]

  Ref  DFF        r:/WORK/system_TOP/async_fifo/dut3/rd_ptr_reg[2]
  Impl DFF        i:/WORK/system_TOP/async_fifo/dut3/rd_ptr_reg[2]

  Ref  DFF        r:/WORK/system_TOP/async_fifo/dut3/rd_ptr_reg[3]
  Impl DFF        i:/WORK/system_TOP/async_fifo/dut3/rd_ptr_reg[3]

  Ref  DFF        r:/WORK/system_TOP/async_fifo/dut3/rd_ptr_reg[4]
  Impl DFF        i:/WORK/system_TOP/async_fifo/dut3/rd_ptr_reg[4]

  Ref  DFF        r:/WORK/system_TOP/async_fifo/dut4/q1_reg[0]
  Impl DFF        i:/WORK/system_TOP/async_fifo/dut4/q1_reg[0]

  Ref  DFF        r:/WORK/system_TOP/async_fifo/dut4/q1_reg[1]
  Impl DFF        i:/WORK/system_TOP/async_fifo/dut4/q1_reg[1]

  Ref  DFF        r:/WORK/system_TOP/async_fifo/dut4/q1_reg[2]
  Impl DFF        i:/WORK/system_TOP/async_fifo/dut4/q1_reg[2]

  Ref  DFF        r:/WORK/system_TOP/async_fifo/dut4/q1_reg[3]
  Impl DFF        i:/WORK/system_TOP/async_fifo/dut4/q1_reg[3]

  Ref  DFF        r:/WORK/system_TOP/async_fifo/dut4/q1_reg[4]
  Impl DFF        i:/WORK/system_TOP/async_fifo/dut4/q1_reg[4]

  Ref  DFF        r:/WORK/system_TOP/async_fifo/dut4/q2_reg[0]
  Impl DFF        i:/WORK/system_TOP/async_fifo/dut4/q2_reg[0]

  Ref  DFF        r:/WORK/system_TOP/async_fifo/dut4/q2_reg[1]
  Impl DFF        i:/WORK/system_TOP/async_fifo/dut4/q2_reg[1]

  Ref  DFF        r:/WORK/system_TOP/async_fifo/dut4/q2_reg[2]
  Impl DFF        i:/WORK/system_TOP/async_fifo/dut4/q2_reg[2]

  Ref  DFF        r:/WORK/system_TOP/async_fifo/dut4/q2_reg[3]
  Impl DFF        i:/WORK/system_TOP/async_fifo/dut4/q2_reg[3]

  Ref  DFF        r:/WORK/system_TOP/async_fifo/dut4/q2_reg[4]
  Impl DFF        i:/WORK/system_TOP/async_fifo/dut4/q2_reg[4]

  Ref  DFF        r:/WORK/system_TOP/async_fifo/dut5/q1_reg[0]
  Impl DFF        i:/WORK/system_TOP/async_fifo/dut5/q1_reg[0]

  Ref  DFF        r:/WORK/system_TOP/async_fifo/dut5/q1_reg[1]
  Impl DFF        i:/WORK/system_TOP/async_fifo/dut5/q1_reg[1]

  Ref  DFF        r:/WORK/system_TOP/async_fifo/dut5/q1_reg[2]
  Impl DFF        i:/WORK/system_TOP/async_fifo/dut5/q1_reg[2]

  Ref  DFF        r:/WORK/system_TOP/async_fifo/dut5/q1_reg[3]
  Impl DFF        i:/WORK/system_TOP/async_fifo/dut5/q1_reg[3]

  Ref  DFF        r:/WORK/system_TOP/async_fifo/dut5/q1_reg[4]
  Impl DFF        i:/WORK/system_TOP/async_fifo/dut5/q1_reg[4]

  Ref  DFF        r:/WORK/system_TOP/async_fifo/dut5/q2_reg[0]
  Impl DFF        i:/WORK/system_TOP/async_fifo/dut5/q2_reg[0]

  Ref  DFF        r:/WORK/system_TOP/async_fifo/dut5/q2_reg[1]
  Impl DFF        i:/WORK/system_TOP/async_fifo/dut5/q2_reg[1]

  Ref  DFF        r:/WORK/system_TOP/async_fifo/dut5/q2_reg[2]
  Impl DFF        i:/WORK/system_TOP/async_fifo/dut5/q2_reg[2]

  Ref  DFF        r:/WORK/system_TOP/async_fifo/dut5/q2_reg[3]
  Impl DFF        i:/WORK/system_TOP/async_fifo/dut5/q2_reg[3]

  Ref  DFF        r:/WORK/system_TOP/async_fifo/dut5/q2_reg[4]
  Impl DFF        i:/WORK/system_TOP/async_fifo/dut5/q2_reg[4]

  Ref  DFF        r:/WORK/system_TOP/data_sync/dut1/enable_sync_reg_reg[0]
  Impl DFF        i:/WORK/system_TOP/data_sync/dut1/enable_sync_reg_reg[0]

  Ref  DFF        r:/WORK/system_TOP/data_sync/dut1/enable_sync_reg_reg[1]
  Impl DFF        i:/WORK/system_TOP/data_sync/dut1/enable_sync_reg_reg[1]

  Ref  DFF        r:/WORK/system_TOP/data_sync/dut2/out_reg
  Impl DFF        i:/WORK/system_TOP/data_sync/dut2/out_reg

  Ref  DFF        r:/WORK/system_TOP/data_sync/dut2/q_reg
  Impl DFF        i:/WORK/system_TOP/data_sync/dut2/q_reg

  Ref  DFF        r:/WORK/system_TOP/data_sync/dut3/sync_bus_reg[0]
  Impl DFF        i:/WORK/system_TOP/data_sync/dut3/sync_bus_reg[0]

  Ref  DFF        r:/WORK/system_TOP/data_sync/dut3/sync_bus_reg[1]
  Impl DFF        i:/WORK/system_TOP/data_sync/dut3/sync_bus_reg[1]

  Ref  DFF        r:/WORK/system_TOP/data_sync/dut3/sync_bus_reg[2]
  Impl DFF        i:/WORK/system_TOP/data_sync/dut3/sync_bus_reg[2]

  Ref  DFF        r:/WORK/system_TOP/data_sync/dut3/sync_bus_reg[3]
  Impl DFF        i:/WORK/system_TOP/data_sync/dut3/sync_bus_reg[3]

  Ref  DFF        r:/WORK/system_TOP/data_sync/dut3/sync_bus_reg[4]
  Impl DFF        i:/WORK/system_TOP/data_sync/dut3/sync_bus_reg[4]

  Ref  DFF        r:/WORK/system_TOP/data_sync/dut3/sync_bus_reg[5]
  Impl DFF        i:/WORK/system_TOP/data_sync/dut3/sync_bus_reg[5]

  Ref  DFF        r:/WORK/system_TOP/data_sync/dut3/sync_bus_reg[6]
  Impl DFF        i:/WORK/system_TOP/data_sync/dut3/sync_bus_reg[6]

  Ref  DFF        r:/WORK/system_TOP/data_sync/dut3/sync_bus_reg[7]
  Impl DFF        i:/WORK/system_TOP/data_sync/dut3/sync_bus_reg[7]

  Ref  DFF        r:/WORK/system_TOP/pulse_gen/q_reg
  Impl DFF        i:/WORK/system_TOP/pulse_gen/q_reg

  Ref  DFF        r:/WORK/system_TOP/q1_reg
  Impl DFF        i:/WORK/system_TOP/q1_reg

  Ref  DFF        r:/WORK/system_TOP/q2_reg
  Impl DFF        i:/WORK/system_TOP/q2_reg

  Ref  DFF        r:/WORK/system_TOP/ref_clk_rst_sync/syn_rst_reg_reg[0]
  Impl DFF        i:/WORK/system_TOP/ref_clk_rst_sync/syn_rst_reg_reg[0]

  Ref  DFF        r:/WORK/system_TOP/ref_clk_rst_sync/syn_rst_reg_reg[1]
  Impl DFF        i:/WORK/system_TOP/ref_clk_rst_sync/syn_rst_reg_reg[1]

  Ref  DFF        r:/WORK/system_TOP/ref_clk_rst_sync/syn_rst_reg_reg[2]
  Impl DFF        i:/WORK/system_TOP/ref_clk_rst_sync/syn_rst_reg_reg[2]

  Ref  DFF        r:/WORK/system_TOP/register_file/rddata_reg[0]
  Impl DFF        i:/WORK/system_TOP/register_file/rddata_reg[0]

  Ref  DFF        r:/WORK/system_TOP/register_file/rddata_reg[1]
  Impl DFF        i:/WORK/system_TOP/register_file/rddata_reg[1]

  Ref  DFF        r:/WORK/system_TOP/register_file/rddata_reg[2]
  Impl DFF        i:/WORK/system_TOP/register_file/rddata_reg[2]

  Ref  DFF        r:/WORK/system_TOP/register_file/rddata_reg[3]
  Impl DFF        i:/WORK/system_TOP/register_file/rddata_reg[3]

  Ref  DFF        r:/WORK/system_TOP/register_file/rddata_reg[4]
  Impl DFF        i:/WORK/system_TOP/register_file/rddata_reg[4]

  Ref  DFF        r:/WORK/system_TOP/register_file/rddata_reg[5]
  Impl DFF        i:/WORK/system_TOP/register_file/rddata_reg[5]

  Ref  DFF        r:/WORK/system_TOP/register_file/rddata_reg[6]
  Impl DFF        i:/WORK/system_TOP/register_file/rddata_reg[6]

  Ref  DFF        r:/WORK/system_TOP/register_file/rddata_reg[7]
  Impl DFF        i:/WORK/system_TOP/register_file/rddata_reg[7]

  Ref  DFF        r:/WORK/system_TOP/register_file/rddata_valid_reg
  Impl DFF        i:/WORK/system_TOP/register_file/rddata_valid_reg

  Ref  DFF        r:/WORK/system_TOP/register_file/reg_file_reg[0][0]
  Impl DFF        i:/WORK/system_TOP/register_file/reg_file_reg[0][0]

  Ref  DFF        r:/WORK/system_TOP/register_file/reg_file_reg[0][1]
  Impl DFF        i:/WORK/system_TOP/register_file/reg_file_reg[0][1]

  Ref  DFF        r:/WORK/system_TOP/register_file/reg_file_reg[0][2]
  Impl DFF        i:/WORK/system_TOP/register_file/reg_file_reg[0][2]

  Ref  DFF        r:/WORK/system_TOP/register_file/reg_file_reg[0][3]
  Impl DFF        i:/WORK/system_TOP/register_file/reg_file_reg[0][3]

  Ref  DFF        r:/WORK/system_TOP/register_file/reg_file_reg[0][4]
  Impl DFF        i:/WORK/system_TOP/register_file/reg_file_reg[0][4]

  Ref  DFF        r:/WORK/system_TOP/register_file/reg_file_reg[0][5]
  Impl DFF        i:/WORK/system_TOP/register_file/reg_file_reg[0][5]

  Ref  DFF        r:/WORK/system_TOP/register_file/reg_file_reg[0][6]
  Impl DFF        i:/WORK/system_TOP/register_file/reg_file_reg[0][6]

  Ref  DFF        r:/WORK/system_TOP/register_file/reg_file_reg[0][7]
  Impl DFF        i:/WORK/system_TOP/register_file/reg_file_reg[0][7]

  Ref  DFF        r:/WORK/system_TOP/register_file/reg_file_reg[10][0]
  Impl DFF        i:/WORK/system_TOP/register_file/reg_file_reg[10][0]

  Ref  DFF        r:/WORK/system_TOP/register_file/reg_file_reg[10][1]
  Impl DFF        i:/WORK/system_TOP/register_file/reg_file_reg[10][1]

  Ref  DFF        r:/WORK/system_TOP/register_file/reg_file_reg[10][2]
  Impl DFF        i:/WORK/system_TOP/register_file/reg_file_reg[10][2]

  Ref  DFF        r:/WORK/system_TOP/register_file/reg_file_reg[10][3]
  Impl DFF        i:/WORK/system_TOP/register_file/reg_file_reg[10][3]

  Ref  DFF        r:/WORK/system_TOP/register_file/reg_file_reg[10][4]
  Impl DFF        i:/WORK/system_TOP/register_file/reg_file_reg[10][4]

  Ref  DFF        r:/WORK/system_TOP/register_file/reg_file_reg[10][5]
  Impl DFF        i:/WORK/system_TOP/register_file/reg_file_reg[10][5]

  Ref  DFF        r:/WORK/system_TOP/register_file/reg_file_reg[10][6]
  Impl DFF        i:/WORK/system_TOP/register_file/reg_file_reg[10][6]

  Ref  DFF        r:/WORK/system_TOP/register_file/reg_file_reg[10][7]
  Impl DFF        i:/WORK/system_TOP/register_file/reg_file_reg[10][7]

  Ref  DFF        r:/WORK/system_TOP/register_file/reg_file_reg[11][0]
  Impl DFF        i:/WORK/system_TOP/register_file/reg_file_reg[11][0]

  Ref  DFF        r:/WORK/system_TOP/register_file/reg_file_reg[11][1]
  Impl DFF        i:/WORK/system_TOP/register_file/reg_file_reg[11][1]

  Ref  DFF        r:/WORK/system_TOP/register_file/reg_file_reg[11][2]
  Impl DFF        i:/WORK/system_TOP/register_file/reg_file_reg[11][2]

  Ref  DFF        r:/WORK/system_TOP/register_file/reg_file_reg[11][3]
  Impl DFF        i:/WORK/system_TOP/register_file/reg_file_reg[11][3]

  Ref  DFF        r:/WORK/system_TOP/register_file/reg_file_reg[11][4]
  Impl DFF        i:/WORK/system_TOP/register_file/reg_file_reg[11][4]

  Ref  DFF        r:/WORK/system_TOP/register_file/reg_file_reg[11][5]
  Impl DFF        i:/WORK/system_TOP/register_file/reg_file_reg[11][5]

  Ref  DFF        r:/WORK/system_TOP/register_file/reg_file_reg[11][6]
  Impl DFF        i:/WORK/system_TOP/register_file/reg_file_reg[11][6]

  Ref  DFF        r:/WORK/system_TOP/register_file/reg_file_reg[11][7]
  Impl DFF        i:/WORK/system_TOP/register_file/reg_file_reg[11][7]

  Ref  DFF        r:/WORK/system_TOP/register_file/reg_file_reg[12][0]
  Impl DFF        i:/WORK/system_TOP/register_file/reg_file_reg[12][0]

  Ref  DFF        r:/WORK/system_TOP/register_file/reg_file_reg[12][1]
  Impl DFF        i:/WORK/system_TOP/register_file/reg_file_reg[12][1]

  Ref  DFF        r:/WORK/system_TOP/register_file/reg_file_reg[12][2]
  Impl DFF        i:/WORK/system_TOP/register_file/reg_file_reg[12][2]

  Ref  DFF        r:/WORK/system_TOP/register_file/reg_file_reg[12][3]
  Impl DFF        i:/WORK/system_TOP/register_file/reg_file_reg[12][3]

  Ref  DFF        r:/WORK/system_TOP/register_file/reg_file_reg[12][4]
  Impl DFF        i:/WORK/system_TOP/register_file/reg_file_reg[12][4]

  Ref  DFF        r:/WORK/system_TOP/register_file/reg_file_reg[12][5]
  Impl DFF        i:/WORK/system_TOP/register_file/reg_file_reg[12][5]

  Ref  DFF        r:/WORK/system_TOP/register_file/reg_file_reg[12][6]
  Impl DFF        i:/WORK/system_TOP/register_file/reg_file_reg[12][6]

  Ref  DFF        r:/WORK/system_TOP/register_file/reg_file_reg[12][7]
  Impl DFF        i:/WORK/system_TOP/register_file/reg_file_reg[12][7]

  Ref  DFF        r:/WORK/system_TOP/register_file/reg_file_reg[13][0]
  Impl DFF        i:/WORK/system_TOP/register_file/reg_file_reg[13][0]

  Ref  DFF        r:/WORK/system_TOP/register_file/reg_file_reg[13][1]
  Impl DFF        i:/WORK/system_TOP/register_file/reg_file_reg[13][1]

  Ref  DFF        r:/WORK/system_TOP/register_file/reg_file_reg[13][2]
  Impl DFF        i:/WORK/system_TOP/register_file/reg_file_reg[13][2]

  Ref  DFF        r:/WORK/system_TOP/register_file/reg_file_reg[13][3]
  Impl DFF        i:/WORK/system_TOP/register_file/reg_file_reg[13][3]

  Ref  DFF        r:/WORK/system_TOP/register_file/reg_file_reg[13][4]
  Impl DFF        i:/WORK/system_TOP/register_file/reg_file_reg[13][4]

  Ref  DFF        r:/WORK/system_TOP/register_file/reg_file_reg[13][5]
  Impl DFF        i:/WORK/system_TOP/register_file/reg_file_reg[13][5]

  Ref  DFF        r:/WORK/system_TOP/register_file/reg_file_reg[13][6]
  Impl DFF        i:/WORK/system_TOP/register_file/reg_file_reg[13][6]

  Ref  DFF        r:/WORK/system_TOP/register_file/reg_file_reg[13][7]
  Impl DFF        i:/WORK/system_TOP/register_file/reg_file_reg[13][7]

  Ref  DFF        r:/WORK/system_TOP/register_file/reg_file_reg[14][0]
  Impl DFF        i:/WORK/system_TOP/register_file/reg_file_reg[14][0]

  Ref  DFF        r:/WORK/system_TOP/register_file/reg_file_reg[14][1]
  Impl DFF        i:/WORK/system_TOP/register_file/reg_file_reg[14][1]

  Ref  DFF        r:/WORK/system_TOP/register_file/reg_file_reg[14][2]
  Impl DFF        i:/WORK/system_TOP/register_file/reg_file_reg[14][2]

  Ref  DFF        r:/WORK/system_TOP/register_file/reg_file_reg[14][3]
  Impl DFF        i:/WORK/system_TOP/register_file/reg_file_reg[14][3]

  Ref  DFF        r:/WORK/system_TOP/register_file/reg_file_reg[14][4]
  Impl DFF        i:/WORK/system_TOP/register_file/reg_file_reg[14][4]

  Ref  DFF        r:/WORK/system_TOP/register_file/reg_file_reg[14][5]
  Impl DFF        i:/WORK/system_TOP/register_file/reg_file_reg[14][5]

  Ref  DFF        r:/WORK/system_TOP/register_file/reg_file_reg[14][6]
  Impl DFF        i:/WORK/system_TOP/register_file/reg_file_reg[14][6]

  Ref  DFF        r:/WORK/system_TOP/register_file/reg_file_reg[14][7]
  Impl DFF        i:/WORK/system_TOP/register_file/reg_file_reg[14][7]

  Ref  DFF        r:/WORK/system_TOP/register_file/reg_file_reg[15][0]
  Impl DFF        i:/WORK/system_TOP/register_file/reg_file_reg[15][0]

  Ref  DFF        r:/WORK/system_TOP/register_file/reg_file_reg[15][1]
  Impl DFF        i:/WORK/system_TOP/register_file/reg_file_reg[15][1]

  Ref  DFF        r:/WORK/system_TOP/register_file/reg_file_reg[15][2]
  Impl DFF        i:/WORK/system_TOP/register_file/reg_file_reg[15][2]

  Ref  DFF        r:/WORK/system_TOP/register_file/reg_file_reg[15][3]
  Impl DFF        i:/WORK/system_TOP/register_file/reg_file_reg[15][3]

  Ref  DFF        r:/WORK/system_TOP/register_file/reg_file_reg[15][4]
  Impl DFF        i:/WORK/system_TOP/register_file/reg_file_reg[15][4]

  Ref  DFF        r:/WORK/system_TOP/register_file/reg_file_reg[15][5]
  Impl DFF        i:/WORK/system_TOP/register_file/reg_file_reg[15][5]

  Ref  DFF        r:/WORK/system_TOP/register_file/reg_file_reg[15][6]
  Impl DFF        i:/WORK/system_TOP/register_file/reg_file_reg[15][6]

  Ref  DFF        r:/WORK/system_TOP/register_file/reg_file_reg[15][7]
  Impl DFF        i:/WORK/system_TOP/register_file/reg_file_reg[15][7]

  Ref  DFF        r:/WORK/system_TOP/register_file/reg_file_reg[1][0]
  Impl DFF        i:/WORK/system_TOP/register_file/reg_file_reg[1][0]

  Ref  DFF        r:/WORK/system_TOP/register_file/reg_file_reg[1][1]
  Impl DFF        i:/WORK/system_TOP/register_file/reg_file_reg[1][1]

  Ref  DFF        r:/WORK/system_TOP/register_file/reg_file_reg[1][2]
  Impl DFF        i:/WORK/system_TOP/register_file/reg_file_reg[1][2]

  Ref  DFF        r:/WORK/system_TOP/register_file/reg_file_reg[1][3]
  Impl DFF        i:/WORK/system_TOP/register_file/reg_file_reg[1][3]

  Ref  DFF        r:/WORK/system_TOP/register_file/reg_file_reg[1][4]
  Impl DFF        i:/WORK/system_TOP/register_file/reg_file_reg[1][4]

  Ref  DFF        r:/WORK/system_TOP/register_file/reg_file_reg[1][5]
  Impl DFF        i:/WORK/system_TOP/register_file/reg_file_reg[1][5]

  Ref  DFF        r:/WORK/system_TOP/register_file/reg_file_reg[1][6]
  Impl DFF        i:/WORK/system_TOP/register_file/reg_file_reg[1][6]

  Ref  DFF        r:/WORK/system_TOP/register_file/reg_file_reg[1][7]
  Impl DFF        i:/WORK/system_TOP/register_file/reg_file_reg[1][7]

  Ref  DFF        r:/WORK/system_TOP/register_file/reg_file_reg[2][0]
  Impl DFF        i:/WORK/system_TOP/register_file/reg_file_reg[2][0]

  Ref  DFF        r:/WORK/system_TOP/register_file/reg_file_reg[2][1]
  Impl DFF        i:/WORK/system_TOP/register_file/reg_file_reg[2][1]

  Ref  DFF        r:/WORK/system_TOP/register_file/reg_file_reg[2][2]
  Impl DFF        i:/WORK/system_TOP/register_file/reg_file_reg[2][2]

  Ref  DFF        r:/WORK/system_TOP/register_file/reg_file_reg[2][3]
  Impl DFF        i:/WORK/system_TOP/register_file/reg_file_reg[2][3]

  Ref  DFF        r:/WORK/system_TOP/register_file/reg_file_reg[2][4]
  Impl DFF        i:/WORK/system_TOP/register_file/reg_file_reg[2][4]

  Ref  DFF        r:/WORK/system_TOP/register_file/reg_file_reg[2][5]
  Impl DFF        i:/WORK/system_TOP/register_file/reg_file_reg[2][5]

  Ref  DFF        r:/WORK/system_TOP/register_file/reg_file_reg[2][6]
  Impl DFF        i:/WORK/system_TOP/register_file/reg_file_reg[2][6]

  Ref  DFF        r:/WORK/system_TOP/register_file/reg_file_reg[2][7]
  Impl DFF        i:/WORK/system_TOP/register_file/reg_file_reg[2][7]

  Ref  DFF        r:/WORK/system_TOP/register_file/reg_file_reg[3][0]
  Impl DFF        i:/WORK/system_TOP/register_file/reg_file_reg[3][0]

  Ref  DFF        r:/WORK/system_TOP/register_file/reg_file_reg[3][1]
  Impl DFF        i:/WORK/system_TOP/register_file/reg_file_reg[3][1]

  Ref  DFF        r:/WORK/system_TOP/register_file/reg_file_reg[3][2]
  Impl DFF        i:/WORK/system_TOP/register_file/reg_file_reg[3][2]

  Ref  DFF        r:/WORK/system_TOP/register_file/reg_file_reg[3][3]
  Impl DFF        i:/WORK/system_TOP/register_file/reg_file_reg[3][3]

  Ref  DFF        r:/WORK/system_TOP/register_file/reg_file_reg[3][4]
  Impl DFF        i:/WORK/system_TOP/register_file/reg_file_reg[3][4]

  Ref  DFF        r:/WORK/system_TOP/register_file/reg_file_reg[3][5]
  Impl DFF        i:/WORK/system_TOP/register_file/reg_file_reg[3][5]

  Ref  DFF        r:/WORK/system_TOP/register_file/reg_file_reg[3][6]
  Impl DFF        i:/WORK/system_TOP/register_file/reg_file_reg[3][6]

  Ref  DFF        r:/WORK/system_TOP/register_file/reg_file_reg[3][7]
  Impl DFF        i:/WORK/system_TOP/register_file/reg_file_reg[3][7]

  Ref  DFF        r:/WORK/system_TOP/register_file/reg_file_reg[4][0]
  Impl DFF        i:/WORK/system_TOP/register_file/reg_file_reg[4][0]

  Ref  DFF        r:/WORK/system_TOP/register_file/reg_file_reg[4][1]
  Impl DFF        i:/WORK/system_TOP/register_file/reg_file_reg[4][1]

  Ref  DFF        r:/WORK/system_TOP/register_file/reg_file_reg[4][2]
  Impl DFF        i:/WORK/system_TOP/register_file/reg_file_reg[4][2]

  Ref  DFF        r:/WORK/system_TOP/register_file/reg_file_reg[4][3]
  Impl DFF        i:/WORK/system_TOP/register_file/reg_file_reg[4][3]

  Ref  DFF        r:/WORK/system_TOP/register_file/reg_file_reg[4][4]
  Impl DFF        i:/WORK/system_TOP/register_file/reg_file_reg[4][4]

  Ref  DFF        r:/WORK/system_TOP/register_file/reg_file_reg[4][5]
  Impl DFF        i:/WORK/system_TOP/register_file/reg_file_reg[4][5]

  Ref  DFF        r:/WORK/system_TOP/register_file/reg_file_reg[4][6]
  Impl DFF        i:/WORK/system_TOP/register_file/reg_file_reg[4][6]

  Ref  DFF        r:/WORK/system_TOP/register_file/reg_file_reg[4][7]
  Impl DFF        i:/WORK/system_TOP/register_file/reg_file_reg[4][7]

  Ref  DFF        r:/WORK/system_TOP/register_file/reg_file_reg[5][0]
  Impl DFF        i:/WORK/system_TOP/register_file/reg_file_reg[5][0]

  Ref  DFF        r:/WORK/system_TOP/register_file/reg_file_reg[5][1]
  Impl DFF        i:/WORK/system_TOP/register_file/reg_file_reg[5][1]

  Ref  DFF        r:/WORK/system_TOP/register_file/reg_file_reg[5][2]
  Impl DFF        i:/WORK/system_TOP/register_file/reg_file_reg[5][2]

  Ref  DFF        r:/WORK/system_TOP/register_file/reg_file_reg[5][3]
  Impl DFF        i:/WORK/system_TOP/register_file/reg_file_reg[5][3]

  Ref  DFF        r:/WORK/system_TOP/register_file/reg_file_reg[5][4]
  Impl DFF        i:/WORK/system_TOP/register_file/reg_file_reg[5][4]

  Ref  DFF        r:/WORK/system_TOP/register_file/reg_file_reg[5][5]
  Impl DFF        i:/WORK/system_TOP/register_file/reg_file_reg[5][5]

  Ref  DFF        r:/WORK/system_TOP/register_file/reg_file_reg[5][6]
  Impl DFF        i:/WORK/system_TOP/register_file/reg_file_reg[5][6]

  Ref  DFF        r:/WORK/system_TOP/register_file/reg_file_reg[5][7]
  Impl DFF        i:/WORK/system_TOP/register_file/reg_file_reg[5][7]

  Ref  DFF        r:/WORK/system_TOP/register_file/reg_file_reg[6][0]
  Impl DFF        i:/WORK/system_TOP/register_file/reg_file_reg[6][0]

  Ref  DFF        r:/WORK/system_TOP/register_file/reg_file_reg[6][1]
  Impl DFF        i:/WORK/system_TOP/register_file/reg_file_reg[6][1]

  Ref  DFF        r:/WORK/system_TOP/register_file/reg_file_reg[6][2]
  Impl DFF        i:/WORK/system_TOP/register_file/reg_file_reg[6][2]

  Ref  DFF        r:/WORK/system_TOP/register_file/reg_file_reg[6][3]
  Impl DFF        i:/WORK/system_TOP/register_file/reg_file_reg[6][3]

  Ref  DFF        r:/WORK/system_TOP/register_file/reg_file_reg[6][4]
  Impl DFF        i:/WORK/system_TOP/register_file/reg_file_reg[6][4]

  Ref  DFF        r:/WORK/system_TOP/register_file/reg_file_reg[6][5]
  Impl DFF        i:/WORK/system_TOP/register_file/reg_file_reg[6][5]

  Ref  DFF        r:/WORK/system_TOP/register_file/reg_file_reg[6][6]
  Impl DFF        i:/WORK/system_TOP/register_file/reg_file_reg[6][6]

  Ref  DFF        r:/WORK/system_TOP/register_file/reg_file_reg[6][7]
  Impl DFF        i:/WORK/system_TOP/register_file/reg_file_reg[6][7]

  Ref  DFF        r:/WORK/system_TOP/register_file/reg_file_reg[7][0]
  Impl DFF        i:/WORK/system_TOP/register_file/reg_file_reg[7][0]

  Ref  DFF        r:/WORK/system_TOP/register_file/reg_file_reg[7][1]
  Impl DFF        i:/WORK/system_TOP/register_file/reg_file_reg[7][1]

  Ref  DFF        r:/WORK/system_TOP/register_file/reg_file_reg[7][2]
  Impl DFF        i:/WORK/system_TOP/register_file/reg_file_reg[7][2]

  Ref  DFF        r:/WORK/system_TOP/register_file/reg_file_reg[7][3]
  Impl DFF        i:/WORK/system_TOP/register_file/reg_file_reg[7][3]

  Ref  DFF        r:/WORK/system_TOP/register_file/reg_file_reg[7][4]
  Impl DFF        i:/WORK/system_TOP/register_file/reg_file_reg[7][4]

  Ref  DFF        r:/WORK/system_TOP/register_file/reg_file_reg[7][5]
  Impl DFF        i:/WORK/system_TOP/register_file/reg_file_reg[7][5]

  Ref  DFF        r:/WORK/system_TOP/register_file/reg_file_reg[7][6]
  Impl DFF        i:/WORK/system_TOP/register_file/reg_file_reg[7][6]

  Ref  DFF        r:/WORK/system_TOP/register_file/reg_file_reg[7][7]
  Impl DFF        i:/WORK/system_TOP/register_file/reg_file_reg[7][7]

  Ref  DFF        r:/WORK/system_TOP/register_file/reg_file_reg[8][0]
  Impl DFF        i:/WORK/system_TOP/register_file/reg_file_reg[8][0]

  Ref  DFF        r:/WORK/system_TOP/register_file/reg_file_reg[8][1]
  Impl DFF        i:/WORK/system_TOP/register_file/reg_file_reg[8][1]

  Ref  DFF        r:/WORK/system_TOP/register_file/reg_file_reg[8][2]
  Impl DFF        i:/WORK/system_TOP/register_file/reg_file_reg[8][2]

  Ref  DFF        r:/WORK/system_TOP/register_file/reg_file_reg[8][3]
  Impl DFF        i:/WORK/system_TOP/register_file/reg_file_reg[8][3]

  Ref  DFF        r:/WORK/system_TOP/register_file/reg_file_reg[8][4]
  Impl DFF        i:/WORK/system_TOP/register_file/reg_file_reg[8][4]

  Ref  DFF        r:/WORK/system_TOP/register_file/reg_file_reg[8][5]
  Impl DFF        i:/WORK/system_TOP/register_file/reg_file_reg[8][5]

  Ref  DFF        r:/WORK/system_TOP/register_file/reg_file_reg[8][6]
  Impl DFF        i:/WORK/system_TOP/register_file/reg_file_reg[8][6]

  Ref  DFF        r:/WORK/system_TOP/register_file/reg_file_reg[8][7]
  Impl DFF        i:/WORK/system_TOP/register_file/reg_file_reg[8][7]

  Ref  DFF        r:/WORK/system_TOP/register_file/reg_file_reg[9][0]
  Impl DFF        i:/WORK/system_TOP/register_file/reg_file_reg[9][0]

  Ref  DFF        r:/WORK/system_TOP/register_file/reg_file_reg[9][1]
  Impl DFF        i:/WORK/system_TOP/register_file/reg_file_reg[9][1]

  Ref  DFF        r:/WORK/system_TOP/register_file/reg_file_reg[9][2]
  Impl DFF        i:/WORK/system_TOP/register_file/reg_file_reg[9][2]

  Ref  DFF        r:/WORK/system_TOP/register_file/reg_file_reg[9][3]
  Impl DFF        i:/WORK/system_TOP/register_file/reg_file_reg[9][3]

  Ref  DFF        r:/WORK/system_TOP/register_file/reg_file_reg[9][4]
  Impl DFF        i:/WORK/system_TOP/register_file/reg_file_reg[9][4]

  Ref  DFF        r:/WORK/system_TOP/register_file/reg_file_reg[9][5]
  Impl DFF        i:/WORK/system_TOP/register_file/reg_file_reg[9][5]

  Ref  DFF        r:/WORK/system_TOP/register_file/reg_file_reg[9][6]
  Impl DFF        i:/WORK/system_TOP/register_file/reg_file_reg[9][6]

  Ref  DFF        r:/WORK/system_TOP/register_file/reg_file_reg[9][7]
  Impl DFF        i:/WORK/system_TOP/register_file/reg_file_reg[9][7]

  Ref  DFF        r:/WORK/system_TOP/rx_div/clk_reg_reg
  Impl DFF        i:/WORK/system_TOP/rx_div/clk_reg_reg

  Ref  DFF        r:/WORK/system_TOP/rx_div/counter_reg[0]
  Impl DFF        i:/WORK/system_TOP/rx_div/counter_reg[0]

  Ref  DFF        r:/WORK/system_TOP/rx_div/counter_reg[1]
  Impl DFF        i:/WORK/system_TOP/rx_div/counter_reg[1]

  Ref  DFF        r:/WORK/system_TOP/rx_div/counter_reg[2]
  Impl DFF        i:/WORK/system_TOP/rx_div/counter_reg[2]

  Ref  DFF        r:/WORK/system_TOP/rx_div/counter_reg[3]
  Impl DFF        i:/WORK/system_TOP/rx_div/counter_reg[3]

  Ref  DFF        r:/WORK/system_TOP/rx_div/counter_reg[4]
  Impl DFF        i:/WORK/system_TOP/rx_div/counter_reg[4]

  Ref  DFF        r:/WORK/system_TOP/rx_div/counter_reg[5]
  Impl DFF        i:/WORK/system_TOP/rx_div/counter_reg[5]

  Ref  DFF        r:/WORK/system_TOP/rx_div/counter_reg[6]
  Impl DFF        i:/WORK/system_TOP/rx_div/counter_reg[6]

  Ref  DFF        r:/WORK/system_TOP/rx_div/counter_reg[7]
  Impl DFF        i:/WORK/system_TOP/rx_div/counter_reg[7]

  Ref  DFF        r:/WORK/system_TOP/sys_ctrl/address_reg[0]
  Impl DFF        i:/WORK/system_TOP/sys_ctrl/address_reg[0]

  Ref  DFF        r:/WORK/system_TOP/sys_ctrl/address_reg[1]
  Impl DFF        i:/WORK/system_TOP/sys_ctrl/address_reg[1]

  Ref  DFF        r:/WORK/system_TOP/sys_ctrl/address_reg[2]
  Impl DFF        i:/WORK/system_TOP/sys_ctrl/address_reg[2]

  Ref  DFF        r:/WORK/system_TOP/sys_ctrl/address_reg[3]
  Impl DFF        i:/WORK/system_TOP/sys_ctrl/address_reg[3]

  Ref  DFF        r:/WORK/system_TOP/sys_ctrl/current_state_reg[0]
  Impl DFF        i:/WORK/system_TOP/sys_ctrl/current_state_reg[0]

  Ref  DFF        r:/WORK/system_TOP/sys_ctrl/current_state_reg[1]
  Impl DFF        i:/WORK/system_TOP/sys_ctrl/current_state_reg[1]

  Ref  DFF        r:/WORK/system_TOP/sys_ctrl/current_state_reg[2]
  Impl DFF        i:/WORK/system_TOP/sys_ctrl/current_state_reg[2]

  Ref  DFF        r:/WORK/system_TOP/sys_ctrl/current_state_reg[3]
  Impl DFF        i:/WORK/system_TOP/sys_ctrl/current_state_reg[3]

  Ref  DFF        r:/WORK/system_TOP/tx_div/clk_reg_reg
  Impl DFF        i:/WORK/system_TOP/tx_div/clk_reg_reg

  Ref  DFF        r:/WORK/system_TOP/tx_div/counter_reg[0]
  Impl DFF        i:/WORK/system_TOP/tx_div/counter_reg[0]

  Ref  DFF        r:/WORK/system_TOP/tx_div/counter_reg[1]
  Impl DFF        i:/WORK/system_TOP/tx_div/counter_reg[1]

  Ref  DFF        r:/WORK/system_TOP/tx_div/counter_reg[2]
  Impl DFF        i:/WORK/system_TOP/tx_div/counter_reg[2]

  Ref  DFF        r:/WORK/system_TOP/tx_div/counter_reg[3]
  Impl DFF        i:/WORK/system_TOP/tx_div/counter_reg[3]

  Ref  DFF        r:/WORK/system_TOP/tx_div/counter_reg[4]
  Impl DFF        i:/WORK/system_TOP/tx_div/counter_reg[4]

  Ref  DFF        r:/WORK/system_TOP/tx_div/counter_reg[5]
  Impl DFF        i:/WORK/system_TOP/tx_div/counter_reg[5]

  Ref  DFF        r:/WORK/system_TOP/tx_div/counter_reg[6]
  Impl DFF        i:/WORK/system_TOP/tx_div/counter_reg[6]

  Ref  DFF        r:/WORK/system_TOP/tx_div/counter_reg[7]
  Impl DFF        i:/WORK/system_TOP/tx_div/counter_reg[7]

  Ref  DFF        r:/WORK/system_TOP/uart_RX/dut0/sampled_bit_reg
  Impl DFF        i:/WORK/system_TOP/uart_RX/dut0/sampled_bit_reg

  Ref  DFF        r:/WORK/system_TOP/uart_RX/dut0/sampled_data_reg[0]
  Impl DFF        i:/WORK/system_TOP/uart_RX/dut0/sampled_data_reg[0]

  Ref  DFF        r:/WORK/system_TOP/uart_RX/dut0/sampled_data_reg[1]
  Impl DFF        i:/WORK/system_TOP/uart_RX/dut0/sampled_data_reg[1]

  Ref  DFF        r:/WORK/system_TOP/uart_RX/dut0/sampled_data_reg[2]
  Impl DFF        i:/WORK/system_TOP/uart_RX/dut0/sampled_data_reg[2]

  Ref  DFF        r:/WORK/system_TOP/uart_RX/dut1/data_bit_counter_reg[0]
  Impl DFF        i:/WORK/system_TOP/uart_RX/dut1/data_bit_counter_reg[0]

  Ref  DFF        r:/WORK/system_TOP/uart_RX/dut1/data_bit_counter_reg[1]
  Impl DFF        i:/WORK/system_TOP/uart_RX/dut1/data_bit_counter_reg[1]

  Ref  DFF        r:/WORK/system_TOP/uart_RX/dut1/data_bit_counter_reg[2]
  Impl DFF        i:/WORK/system_TOP/uart_RX/dut1/data_bit_counter_reg[2]

  Ref  DFF        r:/WORK/system_TOP/uart_RX/dut1/edge_counter_reg[0]
  Impl DFF        i:/WORK/system_TOP/uart_RX/dut1/edge_counter_reg[0]

  Ref  DFF        r:/WORK/system_TOP/uart_RX/dut1/edge_counter_reg[1]
  Impl DFF        i:/WORK/system_TOP/uart_RX/dut1/edge_counter_reg[1]

  Ref  DFF        r:/WORK/system_TOP/uart_RX/dut1/edge_counter_reg[2]
  Impl DFF        i:/WORK/system_TOP/uart_RX/dut1/edge_counter_reg[2]

  Ref  DFF        r:/WORK/system_TOP/uart_RX/dut1/edge_counter_reg[3]
  Impl DFF        i:/WORK/system_TOP/uart_RX/dut1/edge_counter_reg[3]

  Ref  DFF        r:/WORK/system_TOP/uart_RX/dut1/edge_counter_reg[4]
  Impl DFF        i:/WORK/system_TOP/uart_RX/dut1/edge_counter_reg[4]

  Ref  DFF        r:/WORK/system_TOP/uart_RX/dut1/edge_counter_reg[5]
  Impl DFF        i:/WORK/system_TOP/uart_RX/dut1/edge_counter_reg[5]

  Ref  DFF        r:/WORK/system_TOP/uart_RX/dut2/current_state_reg[0]
  Impl DFF        i:/WORK/system_TOP/uart_RX/dut2/current_state_reg[0]

  Ref  DFF        r:/WORK/system_TOP/uart_RX/dut2/current_state_reg[1]
  Impl DFF        i:/WORK/system_TOP/uart_RX/dut2/current_state_reg[1]

  Ref  DFF        r:/WORK/system_TOP/uart_RX/dut2/current_state_reg[2]
  Impl DFF        i:/WORK/system_TOP/uart_RX/dut2/current_state_reg[2]

  Ref  DFF        r:/WORK/system_TOP/uart_RX/dut3/p_data_reg[0]
  Impl DFF        i:/WORK/system_TOP/uart_RX/dut3/p_data_reg[0]

  Ref  DFF        r:/WORK/system_TOP/uart_RX/dut3/p_data_reg[1]
  Impl DFF        i:/WORK/system_TOP/uart_RX/dut3/p_data_reg[1]

  Ref  DFF        r:/WORK/system_TOP/uart_RX/dut3/p_data_reg[2]
  Impl DFF        i:/WORK/system_TOP/uart_RX/dut3/p_data_reg[2]

  Ref  DFF        r:/WORK/system_TOP/uart_RX/dut3/p_data_reg[3]
  Impl DFF        i:/WORK/system_TOP/uart_RX/dut3/p_data_reg[3]

  Ref  DFF        r:/WORK/system_TOP/uart_RX/dut3/p_data_reg[4]
  Impl DFF        i:/WORK/system_TOP/uart_RX/dut3/p_data_reg[4]

  Ref  DFF        r:/WORK/system_TOP/uart_RX/dut3/p_data_reg[5]
  Impl DFF        i:/WORK/system_TOP/uart_RX/dut3/p_data_reg[5]

  Ref  DFF        r:/WORK/system_TOP/uart_RX/dut3/p_data_reg[6]
  Impl DFF        i:/WORK/system_TOP/uart_RX/dut3/p_data_reg[6]

  Ref  DFF        r:/WORK/system_TOP/uart_RX/dut3/p_data_reg[7]
  Impl DFF        i:/WORK/system_TOP/uart_RX/dut3/p_data_reg[7]

  Ref  DFF        r:/WORK/system_TOP/uart_RX/dut4/parity_error_reg
  Impl DFF        i:/WORK/system_TOP/uart_RX/dut4/parity_error_reg

  Ref  DFF        r:/WORK/system_TOP/uart_RX/dut6/stop_error_reg
  Impl DFF        i:/WORK/system_TOP/uart_RX/dut6/stop_error_reg

  Ref  DFF        r:/WORK/system_TOP/uart_clk_rst_sync/syn_rst_reg_reg[0]
  Impl DFF        i:/WORK/system_TOP/uart_clk_rst_sync/syn_rst_reg_reg[0]

  Ref  DFF        r:/WORK/system_TOP/uart_clk_rst_sync/syn_rst_reg_reg[1]
  Impl DFF        i:/WORK/system_TOP/uart_clk_rst_sync/syn_rst_reg_reg[1]

  Ref  DFF        r:/WORK/system_TOP/uart_clk_rst_sync/syn_rst_reg_reg[2]
  Impl DFF        i:/WORK/system_TOP/uart_clk_rst_sync/syn_rst_reg_reg[2]

  Ref  Port       r:/WORK/system_TOP/parity_error
  Impl Port       i:/WORK/system_TOP/parity_error

  Ref  Port       r:/WORK/system_TOP/start_glitch
  Impl Port       i:/WORK/system_TOP/start_glitch

  Ref  Port       r:/WORK/system_TOP/stop_error
  Impl Port       i:/WORK/system_TOP/stop_error

  Ref  Port       r:/WORK/system_TOP/tx_out
  Impl Port       i:/WORK/system_TOP/tx_out

 [BBNet: multiply-driven net
  BBPin: black-box pin
  Cut:   cut-point
  DFF:   non-constant DFF register
  DFF0:  constant 0 DFF register
  DFF1:  constant 1 DFF register
  DFFX:  constant X DFF register
  DFF0X: constrained 0X DFF register
  DFF1X: constrained 1X DFF register
  LAT:   non-constant latch register
  LAT0:  constant 0 latch register
  LAT1:  constant 1 latch register
  LATX:  constant X latch register
  LAT0X: constrained 0X latch register
  LAT1X: constrained 1X latch register
  LATCG: clock-gating latch register
  TLA:   transparent latch register
  TLA0X: transparent constrained 0X latch register
  TLA1X: transparent constrained 1X latch register
  Loop:  cycle break point
  Port:  primary (top-level) port
  Und:   undriven signal cut-point
  Unk:   unknown signal cut-point]

1
